2018-05-10 10:29:01.720 DEBUG 5916 --- [main] o.s.w.c.s.StandardServletEnvironment     : Adding PropertySource 'configurationProperties' with highest search precedence
2018-05-10 10:29:01.767 DEBUG 5916 --- [main] o.s.w.c.s.StandardServletEnvironment     : Adding PropertySource 'servletConfigInitParams' with lowest search precedence
2018-05-10 10:29:01.767 DEBUG 5916 --- [main] o.s.w.c.s.StandardServletEnvironment     : Adding PropertySource 'servletContextInitParams' with lowest search precedence
2018-05-10 10:29:01.767 DEBUG 5916 --- [main] o.s.w.c.s.StandardServletEnvironment     : Adding PropertySource 'systemProperties' with lowest search precedence
2018-05-10 10:29:01.767 DEBUG 5916 --- [main] o.s.w.c.s.StandardServletEnvironment     : Adding PropertySource 'systemEnvironment' with lowest search precedence
2018-05-10 10:29:01.767 DEBUG 5916 --- [main] o.s.w.c.s.StandardServletEnvironment     : Initialized StandardServletEnvironment with PropertySources [StubPropertySource {name='servletConfigInitParams'}, StubPropertySource {name='servletContextInitParams'}, MapPropertySource {name='systemProperties'}, SystemEnvironmentPropertySource {name='systemEnvironment'}]
2018-05-10 10:29:01.842  INFO 5916 --- [main] r.s.yandextest.YandextestApplication     : Starting YandextestApplication on KST-D-MKB-SSP1 with PID 5916 (C:\Project\my\yandextest\target\classes started by TyukinDN in C:\Project\my\yandextest)
2018-05-10 10:29:01.842  INFO 5916 --- [main] r.s.yandextest.YandextestApplication     : No active profile set, falling back to default profiles: default
2018-05-10 10:29:01.904  INFO 5916 --- [main] ConfigServletWebServerApplicationContext : Refreshing org.springframework.boot.web.servlet.context.AnnotationConfigServletWebServerApplicationContext@5505ae1a: startup date [Thu May 10 10:29:01 MSK 2018]; root of context hierarchy
2018-05-10 10:29:02.719 DEBUG 5916 --- [main] o.s.w.c.s.StandardServletEnvironment     : Removing PropertySource 'defaultProperties'
2018-05-10 10:29:02.750  INFO 5916 --- [main] f.a.AutowiredAnnotationBeanPostProcessor : JSR-330 'javax.inject.Inject' annotation found and supported for autowiring
2018-05-10 10:29:03.171  INFO 5916 --- [main] o.s.b.w.embedded.tomcat.TomcatWebServer  : Tomcat initialized with port(s): 8080 (http)
2018-05-10 10:29:03.187  INFO 5916 --- [main] o.apache.catalina.core.StandardService   : Starting service [Tomcat]
2018-05-10 10:29:03.187  INFO 5916 --- [main] org.apache.catalina.core.StandardEngine  : Starting Servlet Engine: Apache Tomcat/8.5.31
2018-05-10 10:29:03.187  INFO 5916 --- [localhost-startStop-1] o.a.catalina.core.AprLifecycleListener   : The APR based Apache Tomcat Native library which allows optimal performance in production environments was not found on the java.library.path: [C:\Program Files\Java\jdk1.8.0_60\bin;C:\Windows\Sun\Java\bin;C:\Windows\system32;C:\Windows;C:\Program Files (x86)\Embarcadero\Studio\19.0\bin;C:\Users\Public\Documents\Embarcadero\Studio\19.0\Bpl;C:\Program Files (x86)\Embarcadero\Studio\19.0\bin64;C:\Users\Public\Documents\Embarcadero\Studio\19.0\Bpl\Win64;C:\app\TyukinDN\product\11.2.0\client_2\bin;C:\app\TyukinDN\product\11.2.0\client_1\bin;C:\ProgramData\Oracle\Java\javapath;C:\Windows\system32;C:\Windows;C:\Windows\System32\Wbem;C:\Windows\System32\WindowsPowerShell\v1.0\;C:\Program Files\Git\cmd;C:\Program Files\TortoiseGit\bin;%M2%;C:\Windows\System32\WindowsPowerShell\v1.0\;C:\Project\;C:\Decompile\dex2jar\dex2jar-2.x\dex2jar-2.x;C:\Program Files (x86)\DevExpress VCL\Library\RS25;C:\Program Files (x86)\DevExpress VCL\Library\RS25\Win64;C:\apache-maven-3.5.0\bin;.]
2018-05-10 10:29:03.323  INFO 5916 --- [localhost-startStop-1] o.a.c.c.C.[Tomcat].[localhost].[/]       : Initializing Spring embedded WebApplicationContext
2018-05-10 10:29:03.323 DEBUG 5916 --- [localhost-startStop-1] o.s.web.context.ContextLoader            : Published root WebApplicationContext as ServletContext attribute with name [org.springframework.web.context.WebApplicationContext.ROOT]
2018-05-10 10:29:03.323  INFO 5916 --- [localhost-startStop-1] o.s.web.context.ContextLoader            : Root WebApplicationContext: initialization completed in 1419 ms
2018-05-10 10:29:03.558  INFO 5916 --- [localhost-startStop-1] o.s.b.w.servlet.FilterRegistrationBean   : Mapping filter: 'characterEncodingFilter' to: [/*]
2018-05-10 10:29:03.558  INFO 5916 --- [localhost-startStop-1] o.s.b.w.servlet.FilterRegistrationBean   : Mapping filter: 'httpPutFormContentFilter' to: [/*]
2018-05-10 10:29:03.558  INFO 5916 --- [localhost-startStop-1] o.s.b.w.servlet.FilterRegistrationBean   : Mapping filter: 'requestContextFilter' to: [/*]
2018-05-10 10:29:03.558  INFO 5916 --- [localhost-startStop-1] o.s.boot.web.servlet.RegistrationBean    : Filter orderedHiddenHttpMethodFilter was not registered (disabled)
2018-05-10 10:29:03.558  INFO 5916 --- [localhost-startStop-1] o.s.b.w.servlet.ServletRegistrationBean  : Servlet dispatcherServlet mapped to [/]
2018-05-10 10:29:03.588 DEBUG 5916 --- [main] o.s.w.c.s.StandardServletEnvironment     : Replacing PropertySource 'servletContextInitParams' with 'servletContextInitParams'
2018-05-10 10:29:03.894  INFO 5916 --- [main] o.s.w.s.handler.SimpleUrlHandlerMapping  : Mapped URL path [/**/favicon.ico] onto handler of type [class org.springframework.web.servlet.resource.ResourceHttpRequestHandler]
2018-05-10 10:29:04.065  INFO 5916 --- [main] s.w.s.m.m.a.RequestMappingHandlerAdapter : Looking for @ControllerAdvice: org.springframework.boot.web.servlet.context.AnnotationConfigServletWebServerApplicationContext@5505ae1a: startup date [Thu May 10 10:29:01 MSK 2018]; root of context hierarchy
2018-05-10 10:29:04.143 DEBUG 5916 --- [main] s.w.s.m.m.a.RequestMappingHandlerMapping : Looking for request mappings in application context: org.springframework.boot.web.servlet.context.AnnotationConfigServletWebServerApplicationContext@5505ae1a: startup date [Thu May 10 10:29:01 MSK 2018]; root of context hierarchy
2018-05-10 10:29:04.174 DEBUG 5916 --- [main] s.w.s.m.m.a.RequestMappingHandlerMapping : 2 request handler methods found on class org.springframework.boot.autoconfigure.web.servlet.error.BasicErrorController: {public org.springframework.http.ResponseEntity org.springframework.boot.autoconfigure.web.servlet.error.BasicErrorController.error(javax.servlet.http.HttpServletRequest)={[/error]}, public org.springframework.web.servlet.ModelAndView org.springframework.boot.autoconfigure.web.servlet.error.BasicErrorController.errorHtml(javax.servlet.http.HttpServletRequest,javax.servlet.http.HttpServletResponse)={[/error],produces=[text/html]}}
2018-05-10 10:29:04.174  INFO 5916 --- [main] s.w.s.m.m.a.RequestMappingHandlerMapping : Mapped "{[/error]}" onto public org.springframework.http.ResponseEntity<java.util.Map<java.lang.String, java.lang.Object>> org.springframework.boot.autoconfigure.web.servlet.error.BasicErrorController.error(javax.servlet.http.HttpServletRequest)
2018-05-10 10:29:04.174 TRACE 5916 --- [main] s.w.s.m.m.a.RequestMappingHandlerMapping : Mapping name 'BEC#error'
2018-05-10 10:29:04.174  INFO 5916 --- [main] s.w.s.m.m.a.RequestMappingHandlerMapping : Mapped "{[/error],produces=[text/html]}" onto public org.springframework.web.servlet.ModelAndView org.springframework.boot.autoconfigure.web.servlet.error.BasicErrorController.errorHtml(javax.servlet.http.HttpServletRequest,javax.servlet.http.HttpServletResponse)
2018-05-10 10:29:04.174 TRACE 5916 --- [main] s.w.s.m.m.a.RequestMappingHandlerMapping : Mapping name 'BEC#errorHtml'
2018-05-10 10:29:04.206 DEBUG 5916 --- [main] o.s.w.s.h.BeanNameUrlHandlerMapping      : Looking for URL mappings in application context: org.springframework.boot.web.servlet.context.AnnotationConfigServletWebServerApplicationContext@5505ae1a: startup date [Thu May 10 10:29:01 MSK 2018]; root of context hierarchy
2018-05-10 10:29:04.206 DEBUG 5916 --- [main] o.s.w.s.h.BeanNameUrlHandlerMapping      : Rejected bean name 'org.springframework.context.annotation.internalConfigurationAnnotationProcessor': no URL paths identified
2018-05-10 10:29:04.206 DEBUG 5916 --- [main] o.s.w.s.h.BeanNameUrlHandlerMapping      : Rejected bean name 'org.springframework.context.annotation.internalAutowiredAnnotationProcessor': no URL paths identified
2018-05-10 10:29:04.206 DEBUG 5916 --- [main] o.s.w.s.h.BeanNameUrlHandlerMapping      : Rejected bean name 'org.springframework.context.annotation.internalRequiredAnnotationProcessor': no URL paths identified
2018-05-10 10:29:04.206 DEBUG 5916 --- [main] o.s.w.s.h.BeanNameUrlHandlerMapping      : Rejected bean name 'org.springframework.context.annotation.internalCommonAnnotationProcessor': no URL paths identified
2018-05-10 10:29:04.206 DEBUG 5916 --- [main] o.s.w.s.h.BeanNameUrlHandlerMapping      : Rejected bean name 'org.springframework.context.event.internalEventListenerProcessor': no URL paths identified
2018-05-10 10:29:04.206 DEBUG 5916 --- [main] o.s.w.s.h.BeanNameUrlHandlerMapping      : Rejected bean name 'org.springframework.context.event.internalEventListenerFactory': no URL paths identified
2018-05-10 10:29:04.206 DEBUG 5916 --- [main] o.s.w.s.h.BeanNameUrlHandlerMapping      : Rejected bean name 'yandextestApplication': no URL paths identified
2018-05-10 10:29:04.221 DEBUG 5916 --- [main] o.s.w.s.h.BeanNameUrlHandlerMapping      : Rejected bean name 'org.springframework.boot.autoconfigure.internalCachingMetadataReaderFactory': no URL paths identified
2018-05-10 10:29:04.221 DEBUG 5916 --- [main] o.s.w.s.h.BeanNameUrlHandlerMapping      : Rejected bean name 'applicationConfig': no URL paths identified
2018-05-10 10:29:04.221 DEBUG 5916 --- [main] o.s.w.s.h.BeanNameUrlHandlerMapping      : Rejected bean name 'yandexGeocoderClient': no URL paths identified
2018-05-10 10:29:04.221 DEBUG 5916 --- [main] o.s.w.s.h.BeanNameUrlHandlerMapping      : Rejected bean name 'yandexTask': no URL paths identified
2018-05-10 10:29:04.221 DEBUG 5916 --- [main] o.s.w.s.h.BeanNameUrlHandlerMapping      : Rejected bean name 'registration': no URL paths identified
2018-05-10 10:29:04.221 DEBUG 5916 --- [main] o.s.w.s.h.BeanNameUrlHandlerMapping      : Rejected bean name 'createClient': no URL paths identified
2018-05-10 10:29:04.221 DEBUG 5916 --- [main] o.s.w.s.h.BeanNameUrlHandlerMapping      : Rejected bean name 'org.springframework.scheduling.annotation.SchedulingConfiguration': no URL paths identified
2018-05-10 10:29:04.221 DEBUG 5916 --- [main] o.s.w.s.h.BeanNameUrlHandlerMapping      : Rejected bean name 'org.springframework.context.annotation.internalScheduledAnnotationProcessor': no URL paths identified
2018-05-10 10:29:04.221 DEBUG 5916 --- [main] o.s.w.s.h.BeanNameUrlHandlerMapping      : Rejected bean name 'org.springframework.boot.autoconfigure.AutoConfigurationPackages': no URL paths identified
2018-05-10 10:29:04.221 DEBUG 5916 --- [main] o.s.w.s.h.BeanNameUrlHandlerMapping      : Rejected bean name 'org.springframework.boot.autoconfigure.context.PropertyPlaceholderAutoConfiguration': no URL paths identified
2018-05-10 10:29:04.221 DEBUG 5916 --- [main] o.s.w.s.h.BeanNameUrlHandlerMapping      : Rejected bean name 'org.springframework.boot.autoconfigure.condition.BeanTypeRegistry': no URL paths identified
2018-05-10 10:29:04.221 DEBUG 5916 --- [main] o.s.w.s.h.BeanNameUrlHandlerMapping      : Rejected bean name 'propertySourcesPlaceholderConfigurer': no URL paths identified
2018-05-10 10:29:04.221 DEBUG 5916 --- [main] o.s.w.s.h.BeanNameUrlHandlerMapping      : Rejected bean name 'org.springframework.boot.autoconfigure.jackson.JacksonAutoConfiguration$Jackson2ObjectMapperBuilderCustomizerConfiguration': no URL paths identified
2018-05-10 10:29:04.221 DEBUG 5916 --- [main] o.s.w.s.h.BeanNameUrlHandlerMapping      : Rejected bean name 'standardJacksonObjectMapperBuilderCustomizer': no URL paths identified
2018-05-10 10:29:04.221 DEBUG 5916 --- [main] o.s.w.s.h.BeanNameUrlHandlerMapping      : Rejected bean name 'spring.jackson-org.springframework.boot.autoconfigure.jackson.JacksonProperties': no URL paths identified
2018-05-10 10:29:04.237 DEBUG 5916 --- [main] o.s.w.s.h.BeanNameUrlHandlerMapping      : Rejected bean name 'org.springframework.boot.context.properties.ConfigurationPropertiesBindingPostProcessor': no URL paths identified
2018-05-10 10:29:04.237 DEBUG 5916 --- [main] o.s.w.s.h.BeanNameUrlHandlerMapping      : Rejected bean name 'org.springframework.boot.context.properties.ConfigurationBeanFactoryMetadata': no URL paths identified
2018-05-10 10:29:04.237 DEBUG 5916 --- [main] o.s.w.s.h.BeanNameUrlHandlerMapping      : Rejected bean name 'org.springframework.boot.autoconfigure.jackson.JacksonAutoConfiguration$JacksonObjectMapperBuilderConfiguration': no URL paths identified
2018-05-10 10:29:04.237 DEBUG 5916 --- [main] o.s.w.s.h.BeanNameUrlHandlerMapping      : Rejected bean name 'jacksonObjectMapperBuilder': no URL paths identified
2018-05-10 10:29:04.237 DEBUG 5916 --- [main] o.s.w.s.h.BeanNameUrlHandlerMapping      : Rejected bean name 'org.springframework.boot.autoconfigure.jackson.JacksonAutoConfiguration$ParameterNamesModuleConfiguration': no URL paths identified
2018-05-10 10:29:04.237 DEBUG 5916 --- [main] o.s.w.s.h.BeanNameUrlHandlerMapping      : Rejected bean name 'parameterNamesModule': no URL paths identified
2018-05-10 10:29:04.237 DEBUG 5916 --- [main] o.s.w.s.h.BeanNameUrlHandlerMapping      : Rejected bean name 'org.springframework.boot.autoconfigure.jackson.JacksonAutoConfiguration$JacksonObjectMapperConfiguration': no URL paths identified
2018-05-10 10:29:04.237 DEBUG 5916 --- [main] o.s.w.s.h.BeanNameUrlHandlerMapping      : Rejected bean name 'jacksonObjectMapper': no URL paths identified
2018-05-10 10:29:04.237 DEBUG 5916 --- [main] o.s.w.s.h.BeanNameUrlHandlerMapping      : Rejected bean name 'org.springframework.boot.autoconfigure.jackson.JacksonAutoConfiguration': no URL paths identified
2018-05-10 10:29:04.237 DEBUG 5916 --- [main] o.s.w.s.h.BeanNameUrlHandlerMapping      : Rejected bean name 'jsonComponentModule': no URL paths identified
2018-05-10 10:29:04.237 DEBUG 5916 --- [main] o.s.w.s.h.BeanNameUrlHandlerMapping      : Rejected bean name 'org.springframework.boot.autoconfigure.websocket.servlet.WebSocketServletAutoConfiguration$TomcatWebSocketConfiguration': no URL paths identified
2018-05-10 10:29:04.237 DEBUG 5916 --- [main] o.s.w.s.h.BeanNameUrlHandlerMapping      : Rejected bean name 'websocketContainerCustomizer': no URL paths identified
2018-05-10 10:29:04.237 DEBUG 5916 --- [main] o.s.w.s.h.BeanNameUrlHandlerMapping      : Rejected bean name 'org.springframework.boot.autoconfigure.websocket.servlet.WebSocketServletAutoConfiguration': no URL paths identified
2018-05-10 10:29:04.237 DEBUG 5916 --- [main] o.s.w.s.h.BeanNameUrlHandlerMapping      : Rejected bean name 'org.springframework.boot.autoconfigure.web.servlet.ServletWebServerFactoryConfiguration$EmbeddedTomcat': no URL paths identified
2018-05-10 10:29:04.237 DEBUG 5916 --- [main] o.s.w.s.h.BeanNameUrlHandlerMapping      : Rejected bean name 'tomcatServletWebServerFactory': no URL paths identified
2018-05-10 10:29:04.237 DEBUG 5916 --- [main] o.s.w.s.h.BeanNameUrlHandlerMapping      : Rejected bean name 'org.springframework.boot.autoconfigure.web.servlet.ServletWebServerFactoryAutoConfiguration': no URL paths identified
2018-05-10 10:29:04.237 DEBUG 5916 --- [main] o.s.w.s.h.BeanNameUrlHandlerMapping      : Rejected bean name 'servletWebServerFactoryCustomizer': no URL paths identified
2018-05-10 10:29:04.237 DEBUG 5916 --- [main] o.s.w.s.h.BeanNameUrlHandlerMapping      : Rejected bean name 'tomcatServletWebServerFactoryCustomizer': no URL paths identified
2018-05-10 10:29:04.237 DEBUG 5916 --- [main] o.s.w.s.h.BeanNameUrlHandlerMapping      : Rejected bean name 'server-org.springframework.boot.autoconfigure.web.ServerProperties': no URL paths identified
2018-05-10 10:29:04.237 DEBUG 5916 --- [main] o.s.w.s.h.BeanNameUrlHandlerMapping      : Rejected bean name 'webServerFactoryCustomizerBeanPostProcessor': no URL paths identified
2018-05-10 10:29:04.237 DEBUG 5916 --- [main] o.s.w.s.h.BeanNameUrlHandlerMapping      : Rejected bean name 'errorPageRegistrarBeanPostProcessor': no URL paths identified
2018-05-10 10:29:04.237 DEBUG 5916 --- [main] o.s.w.s.h.BeanNameUrlHandlerMapping      : Rejected bean name 'org.springframework.boot.autoconfigure.web.servlet.DispatcherServletAutoConfiguration$DispatcherServletConfiguration': no URL paths identified
2018-05-10 10:29:04.237 DEBUG 5916 --- [main] o.s.w.s.h.BeanNameUrlHandlerMapping      : Rejected bean name 'dispatcherServlet': no URL paths identified
2018-05-10 10:29:04.237 DEBUG 5916 --- [main] o.s.w.s.h.BeanNameUrlHandlerMapping      : Rejected bean name 'mainDispatcherServletPathProvider': no URL paths identified
2018-05-10 10:29:04.237 DEBUG 5916 --- [main] o.s.w.s.h.BeanNameUrlHandlerMapping      : Rejected bean name 'spring.mvc-org.springframework.boot.autoconfigure.web.servlet.WebMvcProperties': no URL paths identified
2018-05-10 10:29:04.237 DEBUG 5916 --- [main] o.s.w.s.h.BeanNameUrlHandlerMapping      : Rejected bean name 'org.springframework.boot.autoconfigure.web.servlet.DispatcherServletAutoConfiguration$DispatcherServletRegistrationConfiguration': no URL paths identified
2018-05-10 10:29:04.237 DEBUG 5916 --- [main] o.s.w.s.h.BeanNameUrlHandlerMapping      : Rejected bean name 'dispatcherServletRegistration': no URL paths identified
2018-05-10 10:29:04.237 DEBUG 5916 --- [main] o.s.w.s.h.BeanNameUrlHandlerMapping      : Rejected bean name 'org.springframework.boot.autoconfigure.web.servlet.DispatcherServletAutoConfiguration': no URL paths identified
2018-05-10 10:29:04.237 DEBUG 5916 --- [main] o.s.w.s.h.BeanNameUrlHandlerMapping      : Rejected bean name 'org.springframework.boot.autoconfigure.validation.ValidationAutoConfiguration': no URL paths identified
2018-05-10 10:29:04.237 DEBUG 5916 --- [main] o.s.w.s.h.BeanNameUrlHandlerMapping      : Rejected bean name 'defaultValidator': no URL paths identified
2018-05-10 10:29:04.237 DEBUG 5916 --- [main] o.s.w.s.h.BeanNameUrlHandlerMapping      : Rejected bean name 'methodValidationPostProcessor': no URL paths identified
2018-05-10 10:29:04.237 DEBUG 5916 --- [main] o.s.w.s.h.BeanNameUrlHandlerMapping      : Rejected bean name 'org.springframework.boot.autoconfigure.web.servlet.error.ErrorMvcAutoConfiguration$WhitelabelErrorViewConfiguration': no URL paths identified
2018-05-10 10:29:04.237 DEBUG 5916 --- [main] o.s.w.s.h.BeanNameUrlHandlerMapping      : Rejected bean name 'error': no URL paths identified
2018-05-10 10:29:04.237 DEBUG 5916 --- [main] o.s.w.s.h.BeanNameUrlHandlerMapping      : Rejected bean name 'beanNameViewResolver': no URL paths identified
2018-05-10 10:29:04.237 DEBUG 5916 --- [main] o.s.w.s.h.BeanNameUrlHandlerMapping      : Rejected bean name 'org.springframework.boot.autoconfigure.web.servlet.error.ErrorMvcAutoConfiguration$DefaultErrorViewResolverConfiguration': no URL paths identified
2018-05-10 10:29:04.237 DEBUG 5916 --- [main] o.s.w.s.h.BeanNameUrlHandlerMapping      : Rejected bean name 'conventionErrorViewResolver': no URL paths identified
2018-05-10 10:29:04.237 DEBUG 5916 --- [main] o.s.w.s.h.BeanNameUrlHandlerMapping      : Rejected bean name 'org.springframework.boot.autoconfigure.web.servlet.error.ErrorMvcAutoConfiguration': no URL paths identified
2018-05-10 10:29:04.237 DEBUG 5916 --- [main] o.s.w.s.h.BeanNameUrlHandlerMapping      : Rejected bean name 'errorAttributes': no URL paths identified
2018-05-10 10:29:04.237 DEBUG 5916 --- [main] o.s.w.s.h.BeanNameUrlHandlerMapping      : Rejected bean name 'basicErrorController': no URL paths identified
2018-05-10 10:29:04.237 DEBUG 5916 --- [main] o.s.w.s.h.BeanNameUrlHandlerMapping      : Rejected bean name 'errorPageCustomizer': no URL paths identified
2018-05-10 10:29:04.237 DEBUG 5916 --- [main] o.s.w.s.h.BeanNameUrlHandlerMapping      : Rejected bean name 'preserveErrorControllerTargetClassPostProcessor': no URL paths identified
2018-05-10 10:29:04.237 DEBUG 5916 --- [main] o.s.w.s.h.BeanNameUrlHandlerMapping      : Rejected bean name 'spring.resources-org.springframework.boot.autoconfigure.web.ResourceProperties': no URL paths identified
2018-05-10 10:29:04.237 DEBUG 5916 --- [main] o.s.w.s.h.BeanNameUrlHandlerMapping      : Rejected bean name 'org.springframework.boot.autoconfigure.web.servlet.WebMvcAutoConfiguration$WebMvcAutoConfigurationAdapter$FaviconConfiguration': no URL paths identified
2018-05-10 10:29:04.237 DEBUG 5916 --- [main] o.s.w.s.h.BeanNameUrlHandlerMapping      : Rejected bean name 'faviconHandlerMapping': no URL paths identified
2018-05-10 10:29:04.237 DEBUG 5916 --- [main] o.s.w.s.h.BeanNameUrlHandlerMapping      : Rejected bean name 'faviconRequestHandler': no URL paths identified
2018-05-10 10:29:04.237 DEBUG 5916 --- [main] o.s.w.s.h.BeanNameUrlHandlerMapping      : Rejected bean name 'org.springframework.boot.autoconfigure.web.servlet.WebMvcAutoConfiguration$EnableWebMvcConfiguration': no URL paths identified
2018-05-10 10:29:04.237 DEBUG 5916 --- [main] o.s.w.s.h.BeanNameUrlHandlerMapping      : Rejected bean name 'requestMappingHandlerAdapter': no URL paths identified
2018-05-10 10:29:04.237 DEBUG 5916 --- [main] o.s.w.s.h.BeanNameUrlHandlerMapping      : Rejected bean name 'requestMappingHandlerMapping': no URL paths identified
2018-05-10 10:29:04.237 DEBUG 5916 --- [main] o.s.w.s.h.BeanNameUrlHandlerMapping      : Rejected bean name 'mvcConversionService': no URL paths identified
2018-05-10 10:29:04.237 DEBUG 5916 --- [main] o.s.w.s.h.BeanNameUrlHandlerMapping      : Rejected bean name 'mvcValidator': no URL paths identified
2018-05-10 10:29:04.237 DEBUG 5916 --- [main] o.s.w.s.h.BeanNameUrlHandlerMapping      : Rejected bean name 'mvcContentNegotiationManager': no URL paths identified
2018-05-10 10:29:04.237 DEBUG 5916 --- [main] o.s.w.s.h.BeanNameUrlHandlerMapping      : Rejected bean name 'mvcPathMatcher': no URL paths identified
2018-05-10 10:29:04.237 DEBUG 5916 --- [main] o.s.w.s.h.BeanNameUrlHandlerMapping      : Rejected bean name 'mvcUrlPathHelper': no URL paths identified
2018-05-10 10:29:04.237 DEBUG 5916 --- [main] o.s.w.s.h.BeanNameUrlHandlerMapping      : Rejected bean name 'viewControllerHandlerMapping': no URL paths identified
2018-05-10 10:29:04.237 DEBUG 5916 --- [main] o.s.w.s.h.BeanNameUrlHandlerMapping      : Rejected bean name 'beanNameHandlerMapping': no URL paths identified
2018-05-10 10:29:04.237 DEBUG 5916 --- [main] o.s.w.s.h.BeanNameUrlHandlerMapping      : Rejected bean name 'resourceHandlerMapping': no URL paths identified
2018-05-10 10:29:04.237 DEBUG 5916 --- [main] o.s.w.s.h.BeanNameUrlHandlerMapping      : Rejected bean name 'mvcResourceUrlProvider': no URL paths identified
2018-05-10 10:29:04.237 DEBUG 5916 --- [main] o.s.w.s.h.BeanNameUrlHandlerMapping      : Rejected bean name 'defaultServletHandlerMapping': no URL paths identified
2018-05-10 10:29:04.237 DEBUG 5916 --- [main] o.s.w.s.h.BeanNameUrlHandlerMapping      : Rejected bean name 'mvcUriComponentsContributor': no URL paths identified
2018-05-10 10:29:04.237 DEBUG 5916 --- [main] o.s.w.s.h.BeanNameUrlHandlerMapping      : Rejected bean name 'httpRequestHandlerAdapter': no URL paths identified
2018-05-10 10:29:04.237 DEBUG 5916 --- [main] o.s.w.s.h.BeanNameUrlHandlerMapping      : Rejected bean name 'simpleControllerHandlerAdapter': no URL paths identified
2018-05-10 10:29:04.237 DEBUG 5916 --- [main] o.s.w.s.h.BeanNameUrlHandlerMapping      : Rejected bean name 'handlerExceptionResolver': no URL paths identified
2018-05-10 10:29:04.237 DEBUG 5916 --- [main] o.s.w.s.h.BeanNameUrlHandlerMapping      : Rejected bean name 'mvcViewResolver': no URL paths identified
2018-05-10 10:29:04.237 DEBUG 5916 --- [main] o.s.w.s.h.BeanNameUrlHandlerMapping      : Rejected bean name 'mvcHandlerMappingIntrospector': no URL paths identified
2018-05-10 10:29:04.237 DEBUG 5916 --- [main] o.s.w.s.h.BeanNameUrlHandlerMapping      : Rejected bean name 'org.springframework.boot.autoconfigure.web.servlet.WebMvcAutoConfiguration$WebMvcAutoConfigurationAdapter': no URL paths identified
2018-05-10 10:29:04.252 DEBUG 5916 --- [main] o.s.w.s.h.BeanNameUrlHandlerMapping      : Rejected bean name 'defaultViewResolver': no URL paths identified
2018-05-10 10:29:04.252 DEBUG 5916 --- [main] o.s.w.s.h.BeanNameUrlHandlerMapping      : Rejected bean name 'viewResolver': no URL paths identified
2018-05-10 10:29:04.252 DEBUG 5916 --- [main] o.s.w.s.h.BeanNameUrlHandlerMapping      : Rejected bean name 'welcomePageHandlerMapping': no URL paths identified
2018-05-10 10:29:04.252 DEBUG 5916 --- [main] o.s.w.s.h.BeanNameUrlHandlerMapping      : Rejected bean name 'requestContextFilter': no URL paths identified
2018-05-10 10:29:04.252 DEBUG 5916 --- [main] o.s.w.s.h.BeanNameUrlHandlerMapping      : Rejected bean name 'org.springframework.boot.autoconfigure.web.servlet.WebMvcAutoConfiguration': no URL paths identified
2018-05-10 10:29:04.252 DEBUG 5916 --- [main] o.s.w.s.h.BeanNameUrlHandlerMapping      : Rejected bean name 'hiddenHttpMethodFilter': no URL paths identified
2018-05-10 10:29:04.252 DEBUG 5916 --- [main] o.s.w.s.h.BeanNameUrlHandlerMapping      : Rejected bean name 'httpPutFormContentFilter': no URL paths identified
2018-05-10 10:29:04.252 DEBUG 5916 --- [main] o.s.w.s.h.BeanNameUrlHandlerMapping      : Rejected bean name 'org.springframework.boot.autoconfigure.jmx.JmxAutoConfiguration': no URL paths identified
2018-05-10 10:29:04.252 DEBUG 5916 --- [main] o.s.w.s.h.BeanNameUrlHandlerMapping      : Rejected bean name 'mbeanExporter': no URL paths identified
2018-05-10 10:29:04.252 DEBUG 5916 --- [main] o.s.w.s.h.BeanNameUrlHandlerMapping      : Rejected bean name 'objectNamingStrategy': no URL paths identified
2018-05-10 10:29:04.252 DEBUG 5916 --- [main] o.s.w.s.h.BeanNameUrlHandlerMapping      : Rejected bean name 'mbeanServer': no URL paths identified
2018-05-10 10:29:04.252 DEBUG 5916 --- [main] o.s.w.s.h.BeanNameUrlHandlerMapping      : Rejected bean name 'org.springframework.boot.autoconfigure.admin.SpringApplicationAdminJmxAutoConfiguration': no URL paths identified
2018-05-10 10:29:04.252 DEBUG 5916 --- [main] o.s.w.s.h.BeanNameUrlHandlerMapping      : Rejected bean name 'springApplicationAdminRegistrar': no URL paths identified
2018-05-10 10:29:04.252 DEBUG 5916 --- [main] o.s.w.s.h.BeanNameUrlHandlerMapping      : Rejected bean name 'org.springframework.boot.autoconfigure.context.ConfigurationPropertiesAutoConfiguration': no URL paths identified
2018-05-10 10:29:04.252 DEBUG 5916 --- [main] o.s.w.s.h.BeanNameUrlHandlerMapping      : Rejected bean name 'org.springframework.boot.autoconfigure.http.HttpMessageConvertersAutoConfiguration$StringHttpMessageConverterConfiguration': no URL paths identified
2018-05-10 10:29:04.252 DEBUG 5916 --- [main] o.s.w.s.h.BeanNameUrlHandlerMapping      : Rejected bean name 'stringHttpMessageConverter': no URL paths identified
2018-05-10 10:29:04.252 DEBUG 5916 --- [main] o.s.w.s.h.BeanNameUrlHandlerMapping      : Rejected bean name 'spring.http.encoding-org.springframework.boot.autoconfigure.http.HttpEncodingProperties': no URL paths identified
2018-05-10 10:29:04.252 DEBUG 5916 --- [main] o.s.w.s.h.BeanNameUrlHandlerMapping      : Rejected bean name 'org.springframework.boot.autoconfigure.http.JacksonHttpMessageConvertersConfiguration$MappingJackson2HttpMessageConverterConfiguration': no URL paths identified
2018-05-10 10:29:04.252 DEBUG 5916 --- [main] o.s.w.s.h.BeanNameUrlHandlerMapping      : Rejected bean name 'mappingJackson2HttpMessageConverter': no URL paths identified
2018-05-10 10:29:04.252 DEBUG 5916 --- [main] o.s.w.s.h.BeanNameUrlHandlerMapping      : Rejected bean name 'org.springframework.boot.autoconfigure.http.JacksonHttpMessageConvertersConfiguration': no URL paths identified
2018-05-10 10:29:04.252 DEBUG 5916 --- [main] o.s.w.s.h.BeanNameUrlHandlerMapping      : Rejected bean name 'org.springframework.boot.autoconfigure.http.HttpMessageConvertersAutoConfiguration': no URL paths identified
2018-05-10 10:29:04.252 DEBUG 5916 --- [main] o.s.w.s.h.BeanNameUrlHandlerMapping      : Rejected bean name 'messageConverters': no URL paths identified
2018-05-10 10:29:04.252 DEBUG 5916 --- [main] o.s.w.s.h.BeanNameUrlHandlerMapping      : Rejected bean name 'org.springframework.boot.autoconfigure.http.codec.CodecsAutoConfiguration$JacksonCodecConfiguration': no URL paths identified
2018-05-10 10:29:04.252 DEBUG 5916 --- [main] o.s.w.s.h.BeanNameUrlHandlerMapping      : Rejected bean name 'jacksonCodecCustomizer': no URL paths identified
2018-05-10 10:29:04.252 DEBUG 5916 --- [main] o.s.w.s.h.BeanNameUrlHandlerMapping      : Rejected bean name 'org.springframework.boot.autoconfigure.http.codec.CodecsAutoConfiguration': no URL paths identified
2018-05-10 10:29:04.252 DEBUG 5916 --- [main] o.s.w.s.h.BeanNameUrlHandlerMapping      : Rejected bean name 'org.springframework.boot.autoconfigure.info.ProjectInfoAutoConfiguration': no URL paths identified
2018-05-10 10:29:04.252 DEBUG 5916 --- [main] o.s.w.s.h.BeanNameUrlHandlerMapping      : Rejected bean name 'spring.info-org.springframework.boot.autoconfigure.info.ProjectInfoProperties': no URL paths identified
2018-05-10 10:29:04.252 DEBUG 5916 --- [main] o.s.w.s.h.BeanNameUrlHandlerMapping      : Rejected bean name 'org.springframework.boot.autoconfigure.security.reactive.ReactiveSecurityAutoConfiguration': no URL paths identified
2018-05-10 10:29:04.252 DEBUG 5916 --- [main] o.s.w.s.h.BeanNameUrlHandlerMapping      : Rejected bean name 'spring.security-org.springframework.boot.autoconfigure.security.SecurityProperties': no URL paths identified
2018-05-10 10:29:04.252 DEBUG 5916 --- [main] o.s.w.s.h.BeanNameUrlHandlerMapping      : Rejected bean name 'org.springframework.boot.autoconfigure.web.client.RestTemplateAutoConfiguration': no URL paths identified
2018-05-10 10:29:04.268 DEBUG 5916 --- [main] o.s.w.s.h.BeanNameUrlHandlerMapping      : Rejected bean name 'restTemplateBuilder': no URL paths identified
2018-05-10 10:29:04.268 DEBUG 5916 --- [main] o.s.w.s.h.BeanNameUrlHandlerMapping      : Rejected bean name 'org.springframework.boot.autoconfigure.web.embedded.EmbeddedWebServerFactoryCustomizerAutoConfiguration$TomcatWebServerFactoryCustomizerConfiguration': no URL paths identified
2018-05-10 10:29:04.268 DEBUG 5916 --- [main] o.s.w.s.h.BeanNameUrlHandlerMapping      : Rejected bean name 'tomcatWebServerFactoryCustomizer': no URL paths identified
2018-05-10 10:29:04.268 DEBUG 5916 --- [main] o.s.w.s.h.BeanNameUrlHandlerMapping      : Rejected bean name 'org.springframework.boot.autoconfigure.web.embedded.EmbeddedWebServerFactoryCustomizerAutoConfiguration': no URL paths identified
2018-05-10 10:29:04.268 DEBUG 5916 --- [main] o.s.w.s.h.BeanNameUrlHandlerMapping      : Rejected bean name 'org.springframework.boot.autoconfigure.web.servlet.HttpEncodingAutoConfiguration': no URL paths identified
2018-05-10 10:29:04.268 DEBUG 5916 --- [main] o.s.w.s.h.BeanNameUrlHandlerMapping      : Rejected bean name 'characterEncodingFilter': no URL paths identified
2018-05-10 10:29:04.268 DEBUG 5916 --- [main] o.s.w.s.h.BeanNameUrlHandlerMapping      : Rejected bean name 'localeCharsetMappingsCustomizer': no URL paths identified
2018-05-10 10:29:04.268 DEBUG 5916 --- [main] o.s.w.s.h.BeanNameUrlHandlerMapping      : Rejected bean name 'org.springframework.boot.autoconfigure.web.servlet.MultipartAutoConfiguration': no URL paths identified
2018-05-10 10:29:04.268 DEBUG 5916 --- [main] o.s.w.s.h.BeanNameUrlHandlerMapping      : Rejected bean name 'multipartConfigElement': no URL paths identified
2018-05-10 10:29:04.268 DEBUG 5916 --- [main] o.s.w.s.h.BeanNameUrlHandlerMapping      : Rejected bean name 'multipartResolver': no URL paths identified
2018-05-10 10:29:04.268 DEBUG 5916 --- [main] o.s.w.s.h.BeanNameUrlHandlerMapping      : Rejected bean name 'spring.servlet.multipart-org.springframework.boot.autoconfigure.web.servlet.MultipartProperties': no URL paths identified
2018-05-10 10:29:04.268 DEBUG 5916 --- [main] o.s.w.s.h.BeanNameUrlHandlerMapping      : Rejected bean name 'autoConfigurationReport': no URL paths identified
2018-05-10 10:29:04.268 DEBUG 5916 --- [main] o.s.w.s.h.BeanNameUrlHandlerMapping      : Rejected bean name 'org.springframework.boot.context.ContextIdApplicationContextInitializer$ContextId': no URL paths identified
2018-05-10 10:29:04.268 DEBUG 5916 --- [main] o.s.w.s.h.BeanNameUrlHandlerMapping      : Rejected bean name 'springApplicationArguments': no URL paths identified
2018-05-10 10:29:04.268 DEBUG 5916 --- [main] o.s.w.s.h.BeanNameUrlHandlerMapping      : Rejected bean name 'springBootBanner': no URL paths identified
2018-05-10 10:29:04.284 DEBUG 5916 --- [main] o.s.w.s.h.BeanNameUrlHandlerMapping      : Rejected bean name 'springBootLoggingSystem': no URL paths identified
2018-05-10 10:29:04.284 DEBUG 5916 --- [main] o.s.w.s.h.BeanNameUrlHandlerMapping      : Rejected bean name 'environment': no URL paths identified
2018-05-10 10:29:04.284 DEBUG 5916 --- [main] o.s.w.s.h.BeanNameUrlHandlerMapping      : Rejected bean name 'systemProperties': no URL paths identified
2018-05-10 10:29:04.284 DEBUG 5916 --- [main] o.s.w.s.h.BeanNameUrlHandlerMapping      : Rejected bean name 'systemEnvironment': no URL paths identified
2018-05-10 10:29:04.284 DEBUG 5916 --- [main] o.s.w.s.h.BeanNameUrlHandlerMapping      : Rejected bean name 'org.springframework.context.annotation.ConfigurationClassPostProcessor.importRegistry': no URL paths identified
2018-05-10 10:29:04.284 DEBUG 5916 --- [main] o.s.w.s.h.BeanNameUrlHandlerMapping      : Rejected bean name 'messageSource': no URL paths identified
2018-05-10 10:29:04.284 DEBUG 5916 --- [main] o.s.w.s.h.BeanNameUrlHandlerMapping      : Rejected bean name 'applicationEventMulticaster': no URL paths identified
2018-05-10 10:29:04.284 DEBUG 5916 --- [main] o.s.w.s.h.BeanNameUrlHandlerMapping      : Rejected bean name 'servletContext': no URL paths identified
2018-05-10 10:29:04.284 DEBUG 5916 --- [main] o.s.w.s.h.BeanNameUrlHandlerMapping      : Rejected bean name 'contextParameters': no URL paths identified
2018-05-10 10:29:04.284 DEBUG 5916 --- [main] o.s.w.s.h.BeanNameUrlHandlerMapping      : Rejected bean name 'contextAttributes': no URL paths identified
2018-05-10 10:29:04.284  INFO 5916 --- [main] o.s.w.s.handler.SimpleUrlHandlerMapping  : Mapped URL path [/webjars/**] onto handler of type [class org.springframework.web.servlet.resource.ResourceHttpRequestHandler]
2018-05-10 10:29:04.284  INFO 5916 --- [main] o.s.w.s.handler.SimpleUrlHandlerMapping  : Mapped URL path [/**] onto handler of type [class org.springframework.web.servlet.resource.ResourceHttpRequestHandler]
2018-05-10 10:29:04.299 DEBUG 5916 --- [main] .m.m.a.ExceptionHandlerExceptionResolver : Looking for exception mappings: org.springframework.boot.web.servlet.context.AnnotationConfigServletWebServerApplicationContext@5505ae1a: startup date [Thu May 10 10:29:01 MSK 2018]; root of context hierarchy
2018-05-10 10:29:04.523  INFO 5916 --- [main] o.s.j.e.a.AnnotationMBeanExporter        : Registering beans for JMX exposure on startup
2018-05-10 10:29:04.546  INFO 5916 --- [main] s.a.ScheduledAnnotationBeanPostProcessor : No TaskScheduler/ScheduledExecutorService bean found for scheduled processing
2018-05-10 10:29:04.597 DEBUG 5916 --- [main] o.s.w.s.resource.ResourceUrlProvider     : Looking for resource handler mappings
2018-05-10 10:29:04.597 DEBUG 5916 --- [main] o.s.w.s.resource.ResourceUrlProvider     : Found resource handler mapping: URL pattern="/**/favicon.ico", locations=[class path resource [META-INF/resources/], class path resource [resources/], class path resource [static/], class path resource [public/], ServletContext resource [/], class path resource []], resolvers=[org.springframework.web.servlet.resource.PathResourceResolver@6dd1c3ed]
2018-05-10 10:29:04.597 DEBUG 5916 --- [main] o.s.w.s.resource.ResourceUrlProvider     : Found resource handler mapping: URL pattern="/webjars/**", locations=[class path resource [META-INF/resources/webjars/]], resolvers=[org.springframework.web.servlet.resource.PathResourceResolver@22a6e998]
2018-05-10 10:29:04.597 DEBUG 5916 --- [main] o.s.w.s.resource.ResourceUrlProvider     : Found resource handler mapping: URL pattern="/**", locations=[class path resource [META-INF/resources/], class path resource [resources/], class path resource [static/], class path resource [public/], ServletContext resource [/]], resolvers=[org.springframework.web.servlet.resource.PathResourceResolver@55e42449]
2018-05-10 10:29:04.643  INFO 5916 --- [main] o.s.b.w.embedded.tomcat.TomcatWebServer  : Tomcat started on port(s): 8080 (http) with context path ''
2018-05-10 10:29:04.643 DEBUG 5916 --- [main] o.s.w.c.s.StandardServletEnvironment     : Adding PropertySource 'server.ports' with highest search precedence
2018-05-10 10:29:04.643  INFO 5916 --- [main] r.s.yandextest.YandextestApplication     : Started YandextestApplication in 3.336 seconds (JVM running for 4.856)
2018-05-10 10:30:46.894 DEBUG 1964 --- [main] o.s.w.c.s.StandardServletEnvironment     : Adding PropertySource 'configurationProperties' with highest search precedence
2018-05-10 10:30:46.972 DEBUG 1964 --- [main] o.s.w.c.s.StandardServletEnvironment     : Adding PropertySource 'servletConfigInitParams' with lowest search precedence
2018-05-10 10:30:46.972 DEBUG 1964 --- [main] o.s.w.c.s.StandardServletEnvironment     : Adding PropertySource 'servletContextInitParams' with lowest search precedence
2018-05-10 10:30:46.972 DEBUG 1964 --- [main] o.s.w.c.s.StandardServletEnvironment     : Adding PropertySource 'systemProperties' with lowest search precedence
2018-05-10 10:30:46.972 DEBUG 1964 --- [main] o.s.w.c.s.StandardServletEnvironment     : Adding PropertySource 'systemEnvironment' with lowest search precedence
2018-05-10 10:30:46.972 DEBUG 1964 --- [main] o.s.w.c.s.StandardServletEnvironment     : Initialized StandardServletEnvironment with PropertySources [StubPropertySource {name='servletConfigInitParams'}, StubPropertySource {name='servletContextInitParams'}, MapPropertySource {name='systemProperties'}, SystemEnvironmentPropertySource {name='systemEnvironment'}]
2018-05-10 10:30:47.066  INFO 1964 --- [main] r.s.yandextest.YandextestApplication     : Starting YandextestApplication on KST-D-MKB-SSP1 with PID 1964 (C:\Project\my\yandextest\target\classes started by TyukinDN in C:\Project\my\yandextest)
2018-05-10 10:30:47.066  INFO 1964 --- [main] r.s.yandextest.YandextestApplication     : No active profile set, falling back to default profiles: default
2018-05-10 10:30:47.560 ERROR 1964 --- [main] o.s.boot.SpringApplication               : Application run failed

java.lang.NullPointerException: null
	at com.intellij.rt.coverage.data.ProjectData.touchLine(ProjectData.java:256) ~[na:na]
	at org.springframework.core.ResolvableType$WildcardBounds.get(ResolvableType.java:1617) ~[spring-core-5.0.6.RELEASE.jar:5.0.6.RELEASE]
	at org.springframework.core.ResolvableType.isAssignableFrom(ResolvableType.java:286) ~[spring-core-5.0.6.RELEASE.jar:5.0.6.RELEASE]
	at org.springframework.core.ResolvableType.isAssignableFrom(ResolvableType.java:265) ~[spring-core-5.0.6.RELEASE.jar:5.0.6.RELEASE]
	at org.springframework.context.event.GenericApplicationListenerAdapter.resolveDeclaredEventType(GenericApplicationListenerAdapter.java:98) ~[spring-context-5.0.6.RELEASE.jar:5.0.6.RELEASE]
	at org.springframework.context.event.GenericApplicationListenerAdapter.<init>(GenericApplicationListenerAdapter.java:52) ~[spring-context-5.0.6.RELEASE.jar:5.0.6.RELEASE]
	at org.springframework.context.event.AbstractApplicationEventMulticaster.supportsEvent(AbstractApplicationEventMulticaster.java:292) ~[spring-context-5.0.6.RELEASE.jar:5.0.6.RELEASE]
	at org.springframework.context.event.AbstractApplicationEventMulticaster.retrieveApplicationListeners(AbstractApplicationEventMulticaster.java:224) ~[spring-context-5.0.6.RELEASE.jar:5.0.6.RELEASE]
	at org.springframework.context.event.AbstractApplicationEventMulticaster.getApplicationListeners(AbstractApplicationEventMulticaster.java:195) ~[spring-context-5.0.6.RELEASE.jar:5.0.6.RELEASE]
	at org.springframework.context.event.SimpleApplicationEventMulticaster.multicastEvent(SimpleApplicationEventMulticaster.java:133) ~[spring-context-5.0.6.RELEASE.jar:5.0.6.RELEASE]
	at org.springframework.context.event.SimpleApplicationEventMulticaster.multicastEvent(SimpleApplicationEventMulticaster.java:127) ~[spring-context-5.0.6.RELEASE.jar:5.0.6.RELEASE]
	at org.springframework.boot.context.event.EventPublishingRunListener.contextLoaded(EventPublishingRunListener.java:91) ~[spring-boot-2.0.2.RELEASE.jar:2.0.2.RELEASE]
	at org.springframework.boot.SpringApplicationRunListeners.contextLoaded(SpringApplicationRunListeners.java:66) ~[spring-boot-2.0.2.RELEASE.jar:2.0.2.RELEASE]
	at org.springframework.boot.SpringApplication.prepareContext(SpringApplication.java:391) [spring-boot-2.0.2.RELEASE.jar:2.0.2.RELEASE]
	at org.springframework.boot.SpringApplication.run(SpringApplication.java:325) [spring-boot-2.0.2.RELEASE.jar:2.0.2.RELEASE]
	at org.springframework.boot.SpringApplication.run(SpringApplication.java:1255) [spring-boot-2.0.2.RELEASE.jar:2.0.2.RELEASE]
	at org.springframework.boot.SpringApplication.run(SpringApplication.java:1243) [spring-boot-2.0.2.RELEASE.jar:2.0.2.RELEASE]
	at ru.sovcombank.yandextest.YandextestApplication.main(YandextestApplication.java:12) [classes/:na]

2018-05-10 10:31:35.332 DEBUG 8684 --- [main] o.s.w.c.s.StandardServletEnvironment     : Adding PropertySource 'configurationProperties' with highest search precedence
2018-05-10 10:31:35.363 DEBUG 8684 --- [main] o.s.w.c.s.StandardServletEnvironment     : Adding PropertySource 'servletConfigInitParams' with lowest search precedence
2018-05-10 10:31:35.378 DEBUG 8684 --- [main] o.s.w.c.s.StandardServletEnvironment     : Adding PropertySource 'servletContextInitParams' with lowest search precedence
2018-05-10 10:31:35.378 DEBUG 8684 --- [main] o.s.w.c.s.StandardServletEnvironment     : Adding PropertySource 'systemProperties' with lowest search precedence
2018-05-10 10:31:35.378 DEBUG 8684 --- [main] o.s.w.c.s.StandardServletEnvironment     : Adding PropertySource 'systemEnvironment' with lowest search precedence
2018-05-10 10:31:35.378 DEBUG 8684 --- [main] o.s.w.c.s.StandardServletEnvironment     : Initialized StandardServletEnvironment with PropertySources [StubPropertySource {name='servletConfigInitParams'}, StubPropertySource {name='servletContextInitParams'}, MapPropertySource {name='systemProperties'}, SystemEnvironmentPropertySource {name='systemEnvironment'}]
2018-05-10 10:31:35.425  INFO 8684 --- [main] r.s.yandextest.YandextestApplication     : Starting YandextestApplication on KST-D-MKB-SSP1 with PID 8684 (C:\Project\my\yandextest\target\classes started by TyukinDN in C:\Project\my\yandextest)
2018-05-10 10:31:35.425  INFO 8684 --- [main] r.s.yandextest.YandextestApplication     : No active profile set, falling back to default profiles: default
2018-05-10 10:31:35.496  INFO 8684 --- [main] ConfigServletWebServerApplicationContext : Refreshing org.springframework.boot.web.servlet.context.AnnotationConfigServletWebServerApplicationContext@7331196b: startup date [Thu May 10 10:31:35 MSK 2018]; root of context hierarchy
2018-05-10 10:31:36.309 DEBUG 8684 --- [main] o.s.w.c.s.StandardServletEnvironment     : Removing PropertySource 'defaultProperties'
2018-05-10 10:31:36.340  INFO 8684 --- [main] f.a.AutowiredAnnotationBeanPostProcessor : JSR-330 'javax.inject.Inject' annotation found and supported for autowiring
2018-05-10 10:31:36.727  INFO 8684 --- [main] o.s.b.w.embedded.tomcat.TomcatWebServer  : Tomcat initialized with port(s): 8080 (http)
2018-05-10 10:31:36.742  INFO 8684 --- [main] o.apache.catalina.core.StandardService   : Starting service [Tomcat]
2018-05-10 10:31:36.742  INFO 8684 --- [main] org.apache.catalina.core.StandardEngine  : Starting Servlet Engine: Apache Tomcat/8.5.31
2018-05-10 10:31:36.742  INFO 8684 --- [localhost-startStop-1] o.a.catalina.core.AprLifecycleListener   : The APR based Apache Tomcat Native library which allows optimal performance in production environments was not found on the java.library.path: [C:\Program Files\Java\jdk1.8.0_60\bin;C:\Windows\Sun\Java\bin;C:\Windows\system32;C:\Windows;C:\Program Files (x86)\Embarcadero\Studio\19.0\bin;C:\Users\Public\Documents\Embarcadero\Studio\19.0\Bpl;C:\Program Files (x86)\Embarcadero\Studio\19.0\bin64;C:\Users\Public\Documents\Embarcadero\Studio\19.0\Bpl\Win64;C:\app\TyukinDN\product\11.2.0\client_2\bin;C:\app\TyukinDN\product\11.2.0\client_1\bin;C:\ProgramData\Oracle\Java\javapath;C:\Windows\system32;C:\Windows;C:\Windows\System32\Wbem;C:\Windows\System32\WindowsPowerShell\v1.0\;C:\Program Files\Git\cmd;C:\Program Files\TortoiseGit\bin;%M2%;C:\Windows\System32\WindowsPowerShell\v1.0\;C:\Project\;C:\Decompile\dex2jar\dex2jar-2.x\dex2jar-2.x;C:\Program Files (x86)\DevExpress VCL\Library\RS25;C:\Program Files (x86)\DevExpress VCL\Library\RS25\Win64;C:\apache-maven-3.5.0\bin;.]
2018-05-10 10:31:36.851  INFO 8684 --- [localhost-startStop-1] o.a.c.c.C.[Tomcat].[localhost].[/]       : Initializing Spring embedded WebApplicationContext
2018-05-10 10:31:36.851 DEBUG 8684 --- [localhost-startStop-1] o.s.web.context.ContextLoader            : Published root WebApplicationContext as ServletContext attribute with name [org.springframework.web.context.WebApplicationContext.ROOT]
2018-05-10 10:31:36.851  INFO 8684 --- [localhost-startStop-1] o.s.web.context.ContextLoader            : Root WebApplicationContext: initialization completed in 1355 ms
2018-05-10 10:31:37.024  INFO 8684 --- [localhost-startStop-1] o.s.b.w.servlet.FilterRegistrationBean   : Mapping filter: 'characterEncodingFilter' to: [/*]
2018-05-10 10:31:37.024  INFO 8684 --- [localhost-startStop-1] o.s.b.w.servlet.FilterRegistrationBean   : Mapping filter: 'httpPutFormContentFilter' to: [/*]
2018-05-10 10:31:37.040  INFO 8684 --- [localhost-startStop-1] o.s.b.w.servlet.FilterRegistrationBean   : Mapping filter: 'requestContextFilter' to: [/*]
2018-05-10 10:31:37.040  INFO 8684 --- [localhost-startStop-1] o.s.boot.web.servlet.RegistrationBean    : Filter orderedHiddenHttpMethodFilter was not registered (disabled)
2018-05-10 10:31:37.040  INFO 8684 --- [localhost-startStop-1] o.s.b.w.servlet.ServletRegistrationBean  : Servlet dispatcherServlet mapped to [/]
2018-05-10 10:31:37.055 DEBUG 8684 --- [main] o.s.w.c.s.StandardServletEnvironment     : Replacing PropertySource 'servletContextInitParams' with 'servletContextInitParams'
2018-05-10 10:31:37.305  INFO 8684 --- [main] o.s.w.s.handler.SimpleUrlHandlerMapping  : Mapped URL path [/**/favicon.ico] onto handler of type [class org.springframework.web.servlet.resource.ResourceHttpRequestHandler]
2018-05-10 10:31:37.495  INFO 8684 --- [main] s.w.s.m.m.a.RequestMappingHandlerAdapter : Looking for @ControllerAdvice: org.springframework.boot.web.servlet.context.AnnotationConfigServletWebServerApplicationContext@7331196b: startup date [Thu May 10 10:31:35 MSK 2018]; root of context hierarchy
2018-05-10 10:31:37.543 DEBUG 8684 --- [main] s.w.s.m.m.a.RequestMappingHandlerMapping : Looking for request mappings in application context: org.springframework.boot.web.servlet.context.AnnotationConfigServletWebServerApplicationContext@7331196b: startup date [Thu May 10 10:31:35 MSK 2018]; root of context hierarchy
2018-05-10 10:31:37.546 DEBUG 8684 --- [main] s.w.s.m.m.a.RequestMappingHandlerMapping : 2 request handler methods found on class org.springframework.boot.autoconfigure.web.servlet.error.BasicErrorController: {public org.springframework.http.ResponseEntity org.springframework.boot.autoconfigure.web.servlet.error.BasicErrorController.error(javax.servlet.http.HttpServletRequest)={[/error]}, public org.springframework.web.servlet.ModelAndView org.springframework.boot.autoconfigure.web.servlet.error.BasicErrorController.errorHtml(javax.servlet.http.HttpServletRequest,javax.servlet.http.HttpServletResponse)={[/error],produces=[text/html]}}
2018-05-10 10:31:37.548  INFO 8684 --- [main] s.w.s.m.m.a.RequestMappingHandlerMapping : Mapped "{[/error]}" onto public org.springframework.http.ResponseEntity<java.util.Map<java.lang.String, java.lang.Object>> org.springframework.boot.autoconfigure.web.servlet.error.BasicErrorController.error(javax.servlet.http.HttpServletRequest)
2018-05-10 10:31:37.549 TRACE 8684 --- [main] s.w.s.m.m.a.RequestMappingHandlerMapping : Mapping name 'BEC#error'
2018-05-10 10:31:37.549  INFO 8684 --- [main] s.w.s.m.m.a.RequestMappingHandlerMapping : Mapped "{[/error],produces=[text/html]}" onto public org.springframework.web.servlet.ModelAndView org.springframework.boot.autoconfigure.web.servlet.error.BasicErrorController.errorHtml(javax.servlet.http.HttpServletRequest,javax.servlet.http.HttpServletResponse)
2018-05-10 10:31:37.550 TRACE 8684 --- [main] s.w.s.m.m.a.RequestMappingHandlerMapping : Mapping name 'BEC#errorHtml'
2018-05-10 10:31:37.575 DEBUG 8684 --- [main] o.s.w.s.h.BeanNameUrlHandlerMapping      : Looking for URL mappings in application context: org.springframework.boot.web.servlet.context.AnnotationConfigServletWebServerApplicationContext@7331196b: startup date [Thu May 10 10:31:35 MSK 2018]; root of context hierarchy
2018-05-10 10:31:37.576 DEBUG 8684 --- [main] o.s.w.s.h.BeanNameUrlHandlerMapping      : Rejected bean name 'org.springframework.context.annotation.internalConfigurationAnnotationProcessor': no URL paths identified
2018-05-10 10:31:37.576 DEBUG 8684 --- [main] o.s.w.s.h.BeanNameUrlHandlerMapping      : Rejected bean name 'org.springframework.context.annotation.internalAutowiredAnnotationProcessor': no URL paths identified
2018-05-10 10:31:37.576 DEBUG 8684 --- [main] o.s.w.s.h.BeanNameUrlHandlerMapping      : Rejected bean name 'org.springframework.context.annotation.internalRequiredAnnotationProcessor': no URL paths identified
2018-05-10 10:31:37.576 DEBUG 8684 --- [main] o.s.w.s.h.BeanNameUrlHandlerMapping      : Rejected bean name 'org.springframework.context.annotation.internalCommonAnnotationProcessor': no URL paths identified
2018-05-10 10:31:37.576 DEBUG 8684 --- [main] o.s.w.s.h.BeanNameUrlHandlerMapping      : Rejected bean name 'org.springframework.context.event.internalEventListenerProcessor': no URL paths identified
2018-05-10 10:31:37.576 DEBUG 8684 --- [main] o.s.w.s.h.BeanNameUrlHandlerMapping      : Rejected bean name 'org.springframework.context.event.internalEventListenerFactory': no URL paths identified
2018-05-10 10:31:37.576 DEBUG 8684 --- [main] o.s.w.s.h.BeanNameUrlHandlerMapping      : Rejected bean name 'yandextestApplication': no URL paths identified
2018-05-10 10:31:37.577 DEBUG 8684 --- [main] o.s.w.s.h.BeanNameUrlHandlerMapping      : Rejected bean name 'org.springframework.boot.autoconfigure.internalCachingMetadataReaderFactory': no URL paths identified
2018-05-10 10:31:37.577 DEBUG 8684 --- [main] o.s.w.s.h.BeanNameUrlHandlerMapping      : Rejected bean name 'applicationConfig': no URL paths identified
2018-05-10 10:31:37.577 DEBUG 8684 --- [main] o.s.w.s.h.BeanNameUrlHandlerMapping      : Rejected bean name 'yandexGeocoderClient': no URL paths identified
2018-05-10 10:31:37.577 DEBUG 8684 --- [main] o.s.w.s.h.BeanNameUrlHandlerMapping      : Rejected bean name 'yandexTask': no URL paths identified
2018-05-10 10:31:37.577 DEBUG 8684 --- [main] o.s.w.s.h.BeanNameUrlHandlerMapping      : Rejected bean name 'registration': no URL paths identified
2018-05-10 10:31:37.577 DEBUG 8684 --- [main] o.s.w.s.h.BeanNameUrlHandlerMapping      : Rejected bean name 'createClient': no URL paths identified
2018-05-10 10:31:37.577 DEBUG 8684 --- [main] o.s.w.s.h.BeanNameUrlHandlerMapping      : Rejected bean name 'org.springframework.scheduling.annotation.SchedulingConfiguration': no URL paths identified
2018-05-10 10:31:37.577 DEBUG 8684 --- [main] o.s.w.s.h.BeanNameUrlHandlerMapping      : Rejected bean name 'org.springframework.context.annotation.internalScheduledAnnotationProcessor': no URL paths identified
2018-05-10 10:31:37.578 DEBUG 8684 --- [main] o.s.w.s.h.BeanNameUrlHandlerMapping      : Rejected bean name 'org.springframework.boot.autoconfigure.AutoConfigurationPackages': no URL paths identified
2018-05-10 10:31:37.578 DEBUG 8684 --- [main] o.s.w.s.h.BeanNameUrlHandlerMapping      : Rejected bean name 'org.springframework.boot.autoconfigure.context.PropertyPlaceholderAutoConfiguration': no URL paths identified
2018-05-10 10:31:37.578 DEBUG 8684 --- [main] o.s.w.s.h.BeanNameUrlHandlerMapping      : Rejected bean name 'org.springframework.boot.autoconfigure.condition.BeanTypeRegistry': no URL paths identified
2018-05-10 10:31:37.578 DEBUG 8684 --- [main] o.s.w.s.h.BeanNameUrlHandlerMapping      : Rejected bean name 'propertySourcesPlaceholderConfigurer': no URL paths identified
2018-05-10 10:31:37.578 DEBUG 8684 --- [main] o.s.w.s.h.BeanNameUrlHandlerMapping      : Rejected bean name 'org.springframework.boot.autoconfigure.jackson.JacksonAutoConfiguration$Jackson2ObjectMapperBuilderCustomizerConfiguration': no URL paths identified
2018-05-10 10:31:37.578 DEBUG 8684 --- [main] o.s.w.s.h.BeanNameUrlHandlerMapping      : Rejected bean name 'standardJacksonObjectMapperBuilderCustomizer': no URL paths identified
2018-05-10 10:31:37.578 DEBUG 8684 --- [main] o.s.w.s.h.BeanNameUrlHandlerMapping      : Rejected bean name 'spring.jackson-org.springframework.boot.autoconfigure.jackson.JacksonProperties': no URL paths identified
2018-05-10 10:31:37.578 DEBUG 8684 --- [main] o.s.w.s.h.BeanNameUrlHandlerMapping      : Rejected bean name 'org.springframework.boot.context.properties.ConfigurationPropertiesBindingPostProcessor': no URL paths identified
2018-05-10 10:31:37.578 DEBUG 8684 --- [main] o.s.w.s.h.BeanNameUrlHandlerMapping      : Rejected bean name 'org.springframework.boot.context.properties.ConfigurationBeanFactoryMetadata': no URL paths identified
2018-05-10 10:31:37.578 DEBUG 8684 --- [main] o.s.w.s.h.BeanNameUrlHandlerMapping      : Rejected bean name 'org.springframework.boot.autoconfigure.jackson.JacksonAutoConfiguration$JacksonObjectMapperBuilderConfiguration': no URL paths identified
2018-05-10 10:31:37.579 DEBUG 8684 --- [main] o.s.w.s.h.BeanNameUrlHandlerMapping      : Rejected bean name 'jacksonObjectMapperBuilder': no URL paths identified
2018-05-10 10:31:37.579 DEBUG 8684 --- [main] o.s.w.s.h.BeanNameUrlHandlerMapping      : Rejected bean name 'org.springframework.boot.autoconfigure.jackson.JacksonAutoConfiguration$ParameterNamesModuleConfiguration': no URL paths identified
2018-05-10 10:31:37.579 DEBUG 8684 --- [main] o.s.w.s.h.BeanNameUrlHandlerMapping      : Rejected bean name 'parameterNamesModule': no URL paths identified
2018-05-10 10:31:37.579 DEBUG 8684 --- [main] o.s.w.s.h.BeanNameUrlHandlerMapping      : Rejected bean name 'org.springframework.boot.autoconfigure.jackson.JacksonAutoConfiguration$JacksonObjectMapperConfiguration': no URL paths identified
2018-05-10 10:31:37.579 DEBUG 8684 --- [main] o.s.w.s.h.BeanNameUrlHandlerMapping      : Rejected bean name 'jacksonObjectMapper': no URL paths identified
2018-05-10 10:31:37.579 DEBUG 8684 --- [main] o.s.w.s.h.BeanNameUrlHandlerMapping      : Rejected bean name 'org.springframework.boot.autoconfigure.jackson.JacksonAutoConfiguration': no URL paths identified
2018-05-10 10:31:37.580 DEBUG 8684 --- [main] o.s.w.s.h.BeanNameUrlHandlerMapping      : Rejected bean name 'jsonComponentModule': no URL paths identified
2018-05-10 10:31:37.580 DEBUG 8684 --- [main] o.s.w.s.h.BeanNameUrlHandlerMapping      : Rejected bean name 'org.springframework.boot.autoconfigure.websocket.servlet.WebSocketServletAutoConfiguration$TomcatWebSocketConfiguration': no URL paths identified
2018-05-10 10:31:37.580 DEBUG 8684 --- [main] o.s.w.s.h.BeanNameUrlHandlerMapping      : Rejected bean name 'websocketContainerCustomizer': no URL paths identified
2018-05-10 10:31:37.580 DEBUG 8684 --- [main] o.s.w.s.h.BeanNameUrlHandlerMapping      : Rejected bean name 'org.springframework.boot.autoconfigure.websocket.servlet.WebSocketServletAutoConfiguration': no URL paths identified
2018-05-10 10:31:37.580 DEBUG 8684 --- [main] o.s.w.s.h.BeanNameUrlHandlerMapping      : Rejected bean name 'org.springframework.boot.autoconfigure.web.servlet.ServletWebServerFactoryConfiguration$EmbeddedTomcat': no URL paths identified
2018-05-10 10:31:37.580 DEBUG 8684 --- [main] o.s.w.s.h.BeanNameUrlHandlerMapping      : Rejected bean name 'tomcatServletWebServerFactory': no URL paths identified
2018-05-10 10:31:37.580 DEBUG 8684 --- [main] o.s.w.s.h.BeanNameUrlHandlerMapping      : Rejected bean name 'org.springframework.boot.autoconfigure.web.servlet.ServletWebServerFactoryAutoConfiguration': no URL paths identified
2018-05-10 10:31:37.580 DEBUG 8684 --- [main] o.s.w.s.h.BeanNameUrlHandlerMapping      : Rejected bean name 'servletWebServerFactoryCustomizer': no URL paths identified
2018-05-10 10:31:37.580 DEBUG 8684 --- [main] o.s.w.s.h.BeanNameUrlHandlerMapping      : Rejected bean name 'tomcatServletWebServerFactoryCustomizer': no URL paths identified
2018-05-10 10:31:37.580 DEBUG 8684 --- [main] o.s.w.s.h.BeanNameUrlHandlerMapping      : Rejected bean name 'server-org.springframework.boot.autoconfigure.web.ServerProperties': no URL paths identified
2018-05-10 10:31:37.580 DEBUG 8684 --- [main] o.s.w.s.h.BeanNameUrlHandlerMapping      : Rejected bean name 'webServerFactoryCustomizerBeanPostProcessor': no URL paths identified
2018-05-10 10:31:37.580 DEBUG 8684 --- [main] o.s.w.s.h.BeanNameUrlHandlerMapping      : Rejected bean name 'errorPageRegistrarBeanPostProcessor': no URL paths identified
2018-05-10 10:31:37.580 DEBUG 8684 --- [main] o.s.w.s.h.BeanNameUrlHandlerMapping      : Rejected bean name 'org.springframework.boot.autoconfigure.web.servlet.DispatcherServletAutoConfiguration$DispatcherServletConfiguration': no URL paths identified
2018-05-10 10:31:37.580 DEBUG 8684 --- [main] o.s.w.s.h.BeanNameUrlHandlerMapping      : Rejected bean name 'dispatcherServlet': no URL paths identified
2018-05-10 10:31:37.580 DEBUG 8684 --- [main] o.s.w.s.h.BeanNameUrlHandlerMapping      : Rejected bean name 'mainDispatcherServletPathProvider': no URL paths identified
2018-05-10 10:31:37.596 DEBUG 8684 --- [main] o.s.w.s.h.BeanNameUrlHandlerMapping      : Rejected bean name 'spring.mvc-org.springframework.boot.autoconfigure.web.servlet.WebMvcProperties': no URL paths identified
2018-05-10 10:31:37.596 DEBUG 8684 --- [main] o.s.w.s.h.BeanNameUrlHandlerMapping      : Rejected bean name 'org.springframework.boot.autoconfigure.web.servlet.DispatcherServletAutoConfiguration$DispatcherServletRegistrationConfiguration': no URL paths identified
2018-05-10 10:31:37.596 DEBUG 8684 --- [main] o.s.w.s.h.BeanNameUrlHandlerMapping      : Rejected bean name 'dispatcherServletRegistration': no URL paths identified
2018-05-10 10:31:37.596 DEBUG 8684 --- [main] o.s.w.s.h.BeanNameUrlHandlerMapping      : Rejected bean name 'org.springframework.boot.autoconfigure.web.servlet.DispatcherServletAutoConfiguration': no URL paths identified
2018-05-10 10:31:37.596 DEBUG 8684 --- [main] o.s.w.s.h.BeanNameUrlHandlerMapping      : Rejected bean name 'org.springframework.boot.autoconfigure.validation.ValidationAutoConfiguration': no URL paths identified
2018-05-10 10:31:37.596 DEBUG 8684 --- [main] o.s.w.s.h.BeanNameUrlHandlerMapping      : Rejected bean name 'defaultValidator': no URL paths identified
2018-05-10 10:31:37.596 DEBUG 8684 --- [main] o.s.w.s.h.BeanNameUrlHandlerMapping      : Rejected bean name 'methodValidationPostProcessor': no URL paths identified
2018-05-10 10:31:37.596 DEBUG 8684 --- [main] o.s.w.s.h.BeanNameUrlHandlerMapping      : Rejected bean name 'org.springframework.boot.autoconfigure.web.servlet.error.ErrorMvcAutoConfiguration$WhitelabelErrorViewConfiguration': no URL paths identified
2018-05-10 10:31:37.596 DEBUG 8684 --- [main] o.s.w.s.h.BeanNameUrlHandlerMapping      : Rejected bean name 'error': no URL paths identified
2018-05-10 10:31:37.596 DEBUG 8684 --- [main] o.s.w.s.h.BeanNameUrlHandlerMapping      : Rejected bean name 'beanNameViewResolver': no URL paths identified
2018-05-10 10:31:37.596 DEBUG 8684 --- [main] o.s.w.s.h.BeanNameUrlHandlerMapping      : Rejected bean name 'org.springframework.boot.autoconfigure.web.servlet.error.ErrorMvcAutoConfiguration$DefaultErrorViewResolverConfiguration': no URL paths identified
2018-05-10 10:31:37.596 DEBUG 8684 --- [main] o.s.w.s.h.BeanNameUrlHandlerMapping      : Rejected bean name 'conventionErrorViewResolver': no URL paths identified
2018-05-10 10:31:37.596 DEBUG 8684 --- [main] o.s.w.s.h.BeanNameUrlHandlerMapping      : Rejected bean name 'org.springframework.boot.autoconfigure.web.servlet.error.ErrorMvcAutoConfiguration': no URL paths identified
2018-05-10 10:31:37.596 DEBUG 8684 --- [main] o.s.w.s.h.BeanNameUrlHandlerMapping      : Rejected bean name 'errorAttributes': no URL paths identified
2018-05-10 10:31:37.596 DEBUG 8684 --- [main] o.s.w.s.h.BeanNameUrlHandlerMapping      : Rejected bean name 'basicErrorController': no URL paths identified
2018-05-10 10:31:37.596 DEBUG 8684 --- [main] o.s.w.s.h.BeanNameUrlHandlerMapping      : Rejected bean name 'errorPageCustomizer': no URL paths identified
2018-05-10 10:31:37.596 DEBUG 8684 --- [main] o.s.w.s.h.BeanNameUrlHandlerMapping      : Rejected bean name 'preserveErrorControllerTargetClassPostProcessor': no URL paths identified
2018-05-10 10:31:37.596 DEBUG 8684 --- [main] o.s.w.s.h.BeanNameUrlHandlerMapping      : Rejected bean name 'spring.resources-org.springframework.boot.autoconfigure.web.ResourceProperties': no URL paths identified
2018-05-10 10:31:37.611 DEBUG 8684 --- [main] o.s.w.s.h.BeanNameUrlHandlerMapping      : Rejected bean name 'org.springframework.boot.autoconfigure.web.servlet.WebMvcAutoConfiguration$WebMvcAutoConfigurationAdapter$FaviconConfiguration': no URL paths identified
2018-05-10 10:31:37.611 DEBUG 8684 --- [main] o.s.w.s.h.BeanNameUrlHandlerMapping      : Rejected bean name 'faviconHandlerMapping': no URL paths identified
2018-05-10 10:31:37.611 DEBUG 8684 --- [main] o.s.w.s.h.BeanNameUrlHandlerMapping      : Rejected bean name 'faviconRequestHandler': no URL paths identified
2018-05-10 10:31:37.611 DEBUG 8684 --- [main] o.s.w.s.h.BeanNameUrlHandlerMapping      : Rejected bean name 'org.springframework.boot.autoconfigure.web.servlet.WebMvcAutoConfiguration$EnableWebMvcConfiguration': no URL paths identified
2018-05-10 10:31:37.611 DEBUG 8684 --- [main] o.s.w.s.h.BeanNameUrlHandlerMapping      : Rejected bean name 'requestMappingHandlerAdapter': no URL paths identified
2018-05-10 10:31:37.611 DEBUG 8684 --- [main] o.s.w.s.h.BeanNameUrlHandlerMapping      : Rejected bean name 'requestMappingHandlerMapping': no URL paths identified
2018-05-10 10:31:37.611 DEBUG 8684 --- [main] o.s.w.s.h.BeanNameUrlHandlerMapping      : Rejected bean name 'mvcConversionService': no URL paths identified
2018-05-10 10:31:37.611 DEBUG 8684 --- [main] o.s.w.s.h.BeanNameUrlHandlerMapping      : Rejected bean name 'mvcValidator': no URL paths identified
2018-05-10 10:31:37.611 DEBUG 8684 --- [main] o.s.w.s.h.BeanNameUrlHandlerMapping      : Rejected bean name 'mvcContentNegotiationManager': no URL paths identified
2018-05-10 10:31:37.611 DEBUG 8684 --- [main] o.s.w.s.h.BeanNameUrlHandlerMapping      : Rejected bean name 'mvcPathMatcher': no URL paths identified
2018-05-10 10:31:37.611 DEBUG 8684 --- [main] o.s.w.s.h.BeanNameUrlHandlerMapping      : Rejected bean name 'mvcUrlPathHelper': no URL paths identified
2018-05-10 10:31:37.611 DEBUG 8684 --- [main] o.s.w.s.h.BeanNameUrlHandlerMapping      : Rejected bean name 'viewControllerHandlerMapping': no URL paths identified
2018-05-10 10:31:37.611 DEBUG 8684 --- [main] o.s.w.s.h.BeanNameUrlHandlerMapping      : Rejected bean name 'beanNameHandlerMapping': no URL paths identified
2018-05-10 10:31:37.611 DEBUG 8684 --- [main] o.s.w.s.h.BeanNameUrlHandlerMapping      : Rejected bean name 'resourceHandlerMapping': no URL paths identified
2018-05-10 10:31:37.611 DEBUG 8684 --- [main] o.s.w.s.h.BeanNameUrlHandlerMapping      : Rejected bean name 'mvcResourceUrlProvider': no URL paths identified
2018-05-10 10:31:37.611 DEBUG 8684 --- [main] o.s.w.s.h.BeanNameUrlHandlerMapping      : Rejected bean name 'defaultServletHandlerMapping': no URL paths identified
2018-05-10 10:31:37.627 DEBUG 8684 --- [main] o.s.w.s.h.BeanNameUrlHandlerMapping      : Rejected bean name 'mvcUriComponentsContributor': no URL paths identified
2018-05-10 10:31:37.627 DEBUG 8684 --- [main] o.s.w.s.h.BeanNameUrlHandlerMapping      : Rejected bean name 'httpRequestHandlerAdapter': no URL paths identified
2018-05-10 10:31:37.627 DEBUG 8684 --- [main] o.s.w.s.h.BeanNameUrlHandlerMapping      : Rejected bean name 'simpleControllerHandlerAdapter': no URL paths identified
2018-05-10 10:31:37.627 DEBUG 8684 --- [main] o.s.w.s.h.BeanNameUrlHandlerMapping      : Rejected bean name 'handlerExceptionResolver': no URL paths identified
2018-05-10 10:31:37.627 DEBUG 8684 --- [main] o.s.w.s.h.BeanNameUrlHandlerMapping      : Rejected bean name 'mvcViewResolver': no URL paths identified
2018-05-10 10:31:37.627 DEBUG 8684 --- [main] o.s.w.s.h.BeanNameUrlHandlerMapping      : Rejected bean name 'mvcHandlerMappingIntrospector': no URL paths identified
2018-05-10 10:31:37.627 DEBUG 8684 --- [main] o.s.w.s.h.BeanNameUrlHandlerMapping      : Rejected bean name 'org.springframework.boot.autoconfigure.web.servlet.WebMvcAutoConfiguration$WebMvcAutoConfigurationAdapter': no URL paths identified
2018-05-10 10:31:37.627 DEBUG 8684 --- [main] o.s.w.s.h.BeanNameUrlHandlerMapping      : Rejected bean name 'defaultViewResolver': no URL paths identified
2018-05-10 10:31:37.627 DEBUG 8684 --- [main] o.s.w.s.h.BeanNameUrlHandlerMapping      : Rejected bean name 'viewResolver': no URL paths identified
2018-05-10 10:31:37.627 DEBUG 8684 --- [main] o.s.w.s.h.BeanNameUrlHandlerMapping      : Rejected bean name 'welcomePageHandlerMapping': no URL paths identified
2018-05-10 10:31:37.627 DEBUG 8684 --- [main] o.s.w.s.h.BeanNameUrlHandlerMapping      : Rejected bean name 'requestContextFilter': no URL paths identified
2018-05-10 10:31:37.627 DEBUG 8684 --- [main] o.s.w.s.h.BeanNameUrlHandlerMapping      : Rejected bean name 'org.springframework.boot.autoconfigure.web.servlet.WebMvcAutoConfiguration': no URL paths identified
2018-05-10 10:31:37.627 DEBUG 8684 --- [main] o.s.w.s.h.BeanNameUrlHandlerMapping      : Rejected bean name 'hiddenHttpMethodFilter': no URL paths identified
2018-05-10 10:31:37.627 DEBUG 8684 --- [main] o.s.w.s.h.BeanNameUrlHandlerMapping      : Rejected bean name 'httpPutFormContentFilter': no URL paths identified
2018-05-10 10:31:37.627 DEBUG 8684 --- [main] o.s.w.s.h.BeanNameUrlHandlerMapping      : Rejected bean name 'org.springframework.boot.autoconfigure.jmx.JmxAutoConfiguration': no URL paths identified
2018-05-10 10:31:37.627 DEBUG 8684 --- [main] o.s.w.s.h.BeanNameUrlHandlerMapping      : Rejected bean name 'mbeanExporter': no URL paths identified
2018-05-10 10:31:37.627 DEBUG 8684 --- [main] o.s.w.s.h.BeanNameUrlHandlerMapping      : Rejected bean name 'objectNamingStrategy': no URL paths identified
2018-05-10 10:31:37.627 DEBUG 8684 --- [main] o.s.w.s.h.BeanNameUrlHandlerMapping      : Rejected bean name 'mbeanServer': no URL paths identified
2018-05-10 10:31:37.627 DEBUG 8684 --- [main] o.s.w.s.h.BeanNameUrlHandlerMapping      : Rejected bean name 'org.springframework.boot.autoconfigure.admin.SpringApplicationAdminJmxAutoConfiguration': no URL paths identified
2018-05-10 10:31:37.627 DEBUG 8684 --- [main] o.s.w.s.h.BeanNameUrlHandlerMapping      : Rejected bean name 'springApplicationAdminRegistrar': no URL paths identified
2018-05-10 10:31:37.627 DEBUG 8684 --- [main] o.s.w.s.h.BeanNameUrlHandlerMapping      : Rejected bean name 'org.springframework.boot.autoconfigure.context.ConfigurationPropertiesAutoConfiguration': no URL paths identified
2018-05-10 10:31:37.627 DEBUG 8684 --- [main] o.s.w.s.h.BeanNameUrlHandlerMapping      : Rejected bean name 'org.springframework.boot.autoconfigure.http.HttpMessageConvertersAutoConfiguration$StringHttpMessageConverterConfiguration': no URL paths identified
2018-05-10 10:31:37.627 DEBUG 8684 --- [main] o.s.w.s.h.BeanNameUrlHandlerMapping      : Rejected bean name 'stringHttpMessageConverter': no URL paths identified
2018-05-10 10:31:37.627 DEBUG 8684 --- [main] o.s.w.s.h.BeanNameUrlHandlerMapping      : Rejected bean name 'spring.http.encoding-org.springframework.boot.autoconfigure.http.HttpEncodingProperties': no URL paths identified
2018-05-10 10:31:37.643 DEBUG 8684 --- [main] o.s.w.s.h.BeanNameUrlHandlerMapping      : Rejected bean name 'org.springframework.boot.autoconfigure.http.JacksonHttpMessageConvertersConfiguration$MappingJackson2HttpMessageConverterConfiguration': no URL paths identified
2018-05-10 10:31:37.643 DEBUG 8684 --- [main] o.s.w.s.h.BeanNameUrlHandlerMapping      : Rejected bean name 'mappingJackson2HttpMessageConverter': no URL paths identified
2018-05-10 10:31:37.643 DEBUG 8684 --- [main] o.s.w.s.h.BeanNameUrlHandlerMapping      : Rejected bean name 'org.springframework.boot.autoconfigure.http.JacksonHttpMessageConvertersConfiguration': no URL paths identified
2018-05-10 10:31:37.643 DEBUG 8684 --- [main] o.s.w.s.h.BeanNameUrlHandlerMapping      : Rejected bean name 'org.springframework.boot.autoconfigure.http.HttpMessageConvertersAutoConfiguration': no URL paths identified
2018-05-10 10:31:37.643 DEBUG 8684 --- [main] o.s.w.s.h.BeanNameUrlHandlerMapping      : Rejected bean name 'messageConverters': no URL paths identified
2018-05-10 10:31:37.643 DEBUG 8684 --- [main] o.s.w.s.h.BeanNameUrlHandlerMapping      : Rejected bean name 'org.springframework.boot.autoconfigure.http.codec.CodecsAutoConfiguration$JacksonCodecConfiguration': no URL paths identified
2018-05-10 10:31:37.643 DEBUG 8684 --- [main] o.s.w.s.h.BeanNameUrlHandlerMapping      : Rejected bean name 'jacksonCodecCustomizer': no URL paths identified
2018-05-10 10:31:37.643 DEBUG 8684 --- [main] o.s.w.s.h.BeanNameUrlHandlerMapping      : Rejected bean name 'org.springframework.boot.autoconfigure.http.codec.CodecsAutoConfiguration': no URL paths identified
2018-05-10 10:31:37.643 DEBUG 8684 --- [main] o.s.w.s.h.BeanNameUrlHandlerMapping      : Rejected bean name 'org.springframework.boot.autoconfigure.info.ProjectInfoAutoConfiguration': no URL paths identified
2018-05-10 10:31:37.643 DEBUG 8684 --- [main] o.s.w.s.h.BeanNameUrlHandlerMapping      : Rejected bean name 'spring.info-org.springframework.boot.autoconfigure.info.ProjectInfoProperties': no URL paths identified
2018-05-10 10:31:37.643 DEBUG 8684 --- [main] o.s.w.s.h.BeanNameUrlHandlerMapping      : Rejected bean name 'org.springframework.boot.autoconfigure.security.reactive.ReactiveSecurityAutoConfiguration': no URL paths identified
2018-05-10 10:31:37.643 DEBUG 8684 --- [main] o.s.w.s.h.BeanNameUrlHandlerMapping      : Rejected bean name 'spring.security-org.springframework.boot.autoconfigure.security.SecurityProperties': no URL paths identified
2018-05-10 10:31:37.643 DEBUG 8684 --- [main] o.s.w.s.h.BeanNameUrlHandlerMapping      : Rejected bean name 'org.springframework.boot.autoconfigure.web.client.RestTemplateAutoConfiguration': no URL paths identified
2018-05-10 10:31:37.643 DEBUG 8684 --- [main] o.s.w.s.h.BeanNameUrlHandlerMapping      : Rejected bean name 'restTemplateBuilder': no URL paths identified
2018-05-10 10:31:37.643 DEBUG 8684 --- [main] o.s.w.s.h.BeanNameUrlHandlerMapping      : Rejected bean name 'org.springframework.boot.autoconfigure.web.embedded.EmbeddedWebServerFactoryCustomizerAutoConfiguration$TomcatWebServerFactoryCustomizerConfiguration': no URL paths identified
2018-05-10 10:31:37.643 DEBUG 8684 --- [main] o.s.w.s.h.BeanNameUrlHandlerMapping      : Rejected bean name 'tomcatWebServerFactoryCustomizer': no URL paths identified
2018-05-10 10:31:37.643 DEBUG 8684 --- [main] o.s.w.s.h.BeanNameUrlHandlerMapping      : Rejected bean name 'org.springframework.boot.autoconfigure.web.embedded.EmbeddedWebServerFactoryCustomizerAutoConfiguration': no URL paths identified
2018-05-10 10:31:37.643 DEBUG 8684 --- [main] o.s.w.s.h.BeanNameUrlHandlerMapping      : Rejected bean name 'org.springframework.boot.autoconfigure.web.servlet.HttpEncodingAutoConfiguration': no URL paths identified
2018-05-10 10:31:37.643 DEBUG 8684 --- [main] o.s.w.s.h.BeanNameUrlHandlerMapping      : Rejected bean name 'characterEncodingFilter': no URL paths identified
2018-05-10 10:31:37.643 DEBUG 8684 --- [main] o.s.w.s.h.BeanNameUrlHandlerMapping      : Rejected bean name 'localeCharsetMappingsCustomizer': no URL paths identified
2018-05-10 10:31:37.643 DEBUG 8684 --- [main] o.s.w.s.h.BeanNameUrlHandlerMapping      : Rejected bean name 'org.springframework.boot.autoconfigure.web.servlet.MultipartAutoConfiguration': no URL paths identified
2018-05-10 10:31:37.643 DEBUG 8684 --- [main] o.s.w.s.h.BeanNameUrlHandlerMapping      : Rejected bean name 'multipartConfigElement': no URL paths identified
2018-05-10 10:31:37.643 DEBUG 8684 --- [main] o.s.w.s.h.BeanNameUrlHandlerMapping      : Rejected bean name 'multipartResolver': no URL paths identified
2018-05-10 10:31:37.643 DEBUG 8684 --- [main] o.s.w.s.h.BeanNameUrlHandlerMapping      : Rejected bean name 'spring.servlet.multipart-org.springframework.boot.autoconfigure.web.servlet.MultipartProperties': no URL paths identified
2018-05-10 10:31:37.643 DEBUG 8684 --- [main] o.s.w.s.h.BeanNameUrlHandlerMapping      : Rejected bean name 'autoConfigurationReport': no URL paths identified
2018-05-10 10:31:37.643 DEBUG 8684 --- [main] o.s.w.s.h.BeanNameUrlHandlerMapping      : Rejected bean name 'org.springframework.boot.context.ContextIdApplicationContextInitializer$ContextId': no URL paths identified
2018-05-10 10:31:37.643 DEBUG 8684 --- [main] o.s.w.s.h.BeanNameUrlHandlerMapping      : Rejected bean name 'springApplicationArguments': no URL paths identified
2018-05-10 10:31:37.643 DEBUG 8684 --- [main] o.s.w.s.h.BeanNameUrlHandlerMapping      : Rejected bean name 'springBootBanner': no URL paths identified
2018-05-10 10:31:37.643 DEBUG 8684 --- [main] o.s.w.s.h.BeanNameUrlHandlerMapping      : Rejected bean name 'springBootLoggingSystem': no URL paths identified
2018-05-10 10:31:37.643 DEBUG 8684 --- [main] o.s.w.s.h.BeanNameUrlHandlerMapping      : Rejected bean name 'environment': no URL paths identified
2018-05-10 10:31:37.643 DEBUG 8684 --- [main] o.s.w.s.h.BeanNameUrlHandlerMapping      : Rejected bean name 'systemProperties': no URL paths identified
2018-05-10 10:31:37.643 DEBUG 8684 --- [main] o.s.w.s.h.BeanNameUrlHandlerMapping      : Rejected bean name 'systemEnvironment': no URL paths identified
2018-05-10 10:31:37.643 DEBUG 8684 --- [main] o.s.w.s.h.BeanNameUrlHandlerMapping      : Rejected bean name 'org.springframework.context.annotation.ConfigurationClassPostProcessor.importRegistry': no URL paths identified
2018-05-10 10:31:37.643 DEBUG 8684 --- [main] o.s.w.s.h.BeanNameUrlHandlerMapping      : Rejected bean name 'messageSource': no URL paths identified
2018-05-10 10:31:37.643 DEBUG 8684 --- [main] o.s.w.s.h.BeanNameUrlHandlerMapping      : Rejected bean name 'applicationEventMulticaster': no URL paths identified
2018-05-10 10:31:37.643 DEBUG 8684 --- [main] o.s.w.s.h.BeanNameUrlHandlerMapping      : Rejected bean name 'servletContext': no URL paths identified
2018-05-10 10:31:37.643 DEBUG 8684 --- [main] o.s.w.s.h.BeanNameUrlHandlerMapping      : Rejected bean name 'contextParameters': no URL paths identified
2018-05-10 10:31:37.643 DEBUG 8684 --- [main] o.s.w.s.h.BeanNameUrlHandlerMapping      : Rejected bean name 'contextAttributes': no URL paths identified
2018-05-10 10:31:37.643  INFO 8684 --- [main] o.s.w.s.handler.SimpleUrlHandlerMapping  : Mapped URL path [/webjars/**] onto handler of type [class org.springframework.web.servlet.resource.ResourceHttpRequestHandler]
2018-05-10 10:31:37.644  INFO 8684 --- [main] o.s.w.s.handler.SimpleUrlHandlerMapping  : Mapped URL path [/**] onto handler of type [class org.springframework.web.servlet.resource.ResourceHttpRequestHandler]
2018-05-10 10:31:37.644 DEBUG 8684 --- [main] .m.m.a.ExceptionHandlerExceptionResolver : Looking for exception mappings: org.springframework.boot.web.servlet.context.AnnotationConfigServletWebServerApplicationContext@7331196b: startup date [Thu May 10 10:31:35 MSK 2018]; root of context hierarchy
2018-05-10 10:31:37.824  INFO 8684 --- [main] o.s.j.e.a.AnnotationMBeanExporter        : Registering beans for JMX exposure on startup
2018-05-10 10:31:37.824  INFO 8684 --- [main] s.a.ScheduledAnnotationBeanPostProcessor : No TaskScheduler/ScheduledExecutorService bean found for scheduled processing
2018-05-10 10:31:37.840 DEBUG 8684 --- [main] o.s.w.s.resource.ResourceUrlProvider     : Looking for resource handler mappings
2018-05-10 10:31:37.840 DEBUG 8684 --- [main] o.s.w.s.resource.ResourceUrlProvider     : Found resource handler mapping: URL pattern="/**/favicon.ico", locations=[class path resource [META-INF/resources/], class path resource [resources/], class path resource [static/], class path resource [public/], ServletContext resource [/], class path resource []], resolvers=[org.springframework.web.servlet.resource.PathResourceResolver@77bbadc]
2018-05-10 10:31:37.840 DEBUG 8684 --- [main] o.s.w.s.resource.ResourceUrlProvider     : Found resource handler mapping: URL pattern="/webjars/**", locations=[class path resource [META-INF/resources/webjars/]], resolvers=[org.springframework.web.servlet.resource.PathResourceResolver@3c3a0032]
2018-05-10 10:31:37.840 DEBUG 8684 --- [main] o.s.w.s.resource.ResourceUrlProvider     : Found resource handler mapping: URL pattern="/**", locations=[class path resource [META-INF/resources/], class path resource [resources/], class path resource [static/], class path resource [public/], ServletContext resource [/]], resolvers=[org.springframework.web.servlet.resource.PathResourceResolver@7ceb4478]
2018-05-10 10:31:37.871  INFO 8684 --- [main] o.s.b.w.embedded.tomcat.TomcatWebServer  : Tomcat started on port(s): 8080 (http) with context path ''
2018-05-10 10:31:37.871 DEBUG 8684 --- [main] o.s.w.c.s.StandardServletEnvironment     : Adding PropertySource 'server.ports' with highest search precedence
2018-05-10 10:31:37.887  INFO 8684 --- [main] r.s.yandextest.YandextestApplication     : Started YandextestApplication in 3.198 seconds (JVM running for 4.264)
2018-05-10 10:35:59.980  INFO 8684 --- [pool-1-thread-1] ru.sovcombank.yandextest.YandexTask      : getCoordinates begin
2018-05-10 10:35:59.980  INFO 8684 --- [pool-1-thread-1] ru.sovcombank.yandextest.YandexTask      : geoLock success
2018-05-10 10:35:59.980  INFO 8684 --- [pool-1-thread-1] r.s.y.yandexapi.YandexGeocoderClient     : Request position for address %D0%B3%20%D0%A2%D0%BE%D0%BC%D1%81%D0%BA,%20%D1%83%D0%BB%20%D0%9A%D1%80%D1%8B%D0%BB%D0%BE%D0%B2%D0%B0,%20%D0%B4%D0%BE%D0%BC14,%20%D0%BA%D0%B2.1
2018-05-10 10:36:00.412 DEBUG 8684 --- [pool-1-thread-1] o.g.jersey.logging.LoggingFeature        : 1 * Sending client request on thread pool-1-thread-1
1 > GET https://geocode-maps.yandex.ru/1.x/?format=json&geocode=%D0%B3%20%D0%A2%D0%BE%D0%BC%D1%81%D0%BA,%20%D1%83%D0%BB%20%D0%9A%D1%80%D1%8B%D0%BB%D0%BE%D0%B2%D0%B0,%20%D0%B4%D0%BE%D0%BC14,%20%D0%BA%D0%B2.1
1 > Accept: application/json

2018-05-10 10:36:01.609 DEBUG 8684 --- [pool-1-thread-1] o.g.jersey.logging.LoggingFeature        : 1 * Client response received on thread pool-1-thread-1
1 < 200
1 < Access-Control-Allow-Origin: *
1 < Connection: keep-alive
1 < Content-Type: application/json; charset=utf-8
1 < Date: Thu, 10 May 2018 07:36:01 GMT
1 < Expires: Thu, 10 May 2018 07:41:01 GMT
1 < Server: nginx/1.8.1
1 < Strict-Transport-Security: max-age=31536000
1 < Transfer-Encoding: chunked
1 < Vary: Accept-Encoding
1 < X-Content-Type-Options: nosniff
1 < Yandex-DataVendors: yandex
{"response":{"GeoObjectCollection":{"metaDataProperty":{"GeocoderResponseMetaData":{"request":" ,  , 14, .1","suggest":" ,  ,  14, .1","found":"4","results":"10"}},"featureMember":[{"GeoObject":{"metaDataProperty":{"GeocoderMetaData":{"kind":"house","text":", ,  , 14","precision":"exact","Address":{"country_code":"RU","postal_code":"634050","formatted":",  , 14","Components":[{"kind":"country","name":""},{"kind":"province","name":"  "},{"kind":"province","name":" "},{"kind":"area","name":"  "},{"kind":"locality","name":""},{"kind":"street","name":" "},{"kind":"house","name":"14"}]},"AddressDetails":{"Country":{"AddressLine":",  , 14","CountryNameCode":"RU","CountryName":"","AdministrativeArea":{"AdministrativeAreaName":" ","SubAdministrativeArea":{"SubAdministrativeAreaName":"  ","Locality":{"LocalityName":"","Thoroughfare":{"ThoroughfareName":" ","Premise":{"PremiseNumber":"14","PostalCode":{"PostalCodeNumber":"634050"}}}}}}}}}},"description":", ","name":" , 14","boundedBy":{"Envelope":{"lowerCorner":"84.950847 56.478104","upperCorner":"84.959057 56.482647"}},"Point":{"pos":"84.954952 56.480375"}}},{"GeoObject":{"metaDataProperty":{"GeocoderMetaData":{"kind":"house","text":",   ,  ,  , 14","precision":"exact","Address":{"country_code":"RU","formatted":"  ,  ,  , 14","Components":[{"kind":"country","name":""},{"kind":"province","name":"  "},{"kind":"province","name":" "},{"kind":"area","name":"  "},{"kind":"locality","name":" "},{"kind":"street","name":" "},{"kind":"house","name":"14"}]},"AddressDetails":{"Country":{"AddressLine":"  ,  ,  , 14","CountryNameCode":"RU","CountryName":"","AdministrativeArea":{"AdministrativeAreaName":" ","SubAdministrativeArea":{"SubAdministrativeAreaName":"  ","Locality":{"LocalityName":" ","Thoroughfare":{"ThoroughfareName":" ","Premise":{"PremiseNumber":"14"}}}}}}}}},"description":" ,   , ","name":" , 14","boundedBy":{"Envelope":{"lowerCorner":"84.880796 56.469095","upperCorner":"84.889007 56.473639"}},"Point":{"pos":"84.884901 56.471367"}}},{"GeoObject":{"metaDataProperty":{"GeocoderMetaData":{"kind":"house","text":",   ,  ,  , 12","precision":"near","Address":{"country_code":"RU","formatted":"  ,  ,  , 12","Components":[{"kind":"country","name":""},{"kind":"province","name":"  "},{"kind":"province","name":" "},{"kind":"area","name":"  "},{"kind":"locality","name":" "},{"kind":"street","name":" "},{"kind":"house","name":"12"}]},"AddressDetails":{"Country":{"AddressLine":"  ,  ,  , 12","CountryNameCode":"RU","CountryName":"","AdministrativeArea":{"AdministrativeAreaName":" ","SubAdministrativeArea":{"SubAdministrativeAreaName":"  ","Locality":{"LocalityName":" ","Thoroughfare":{"ThoroughfareName":" ","Premise":{"PremiseNumber":"12"}}}}}}}}},"description":" ,   , ","name":" , 12","boundedBy":{"Envelope":{"lowerCorner":"84.879664 56.470442","upperCorner":"84.887875 56.474987"}},"Point":{"pos":"84.88377 56.472715"}}},{"GeoObject":{"metaDataProperty":{"GeocoderMetaData":{"kind":"house","text":",  ,  ,   ,   ,  , 7","precision":"near","Address":{"country_code":"RU","postal_code":"634507","formatted":" ,  ,   ,   ,  , 7","Components":[{"kind":"country","name":""},{"kind":"province","name":"  "},{"kind":"province","name":" "},{"kind":"area","name":" "},{"kind":"area","name":"  "},{"kind":"locality","name":"  "},{"kind":"street","name":" "},{"kind":"house","name":"7"}]},"AddressDetails":{"Country":{"AddressLine":" ,  ,   ,   ,  , 7","CountryNameCode":"RU","CountryName":"","AdministrativeArea":{"AdministrativeAreaName":" ","SubAdministrativeArea":{"SubAdministrativeAreaName":" ","Locality":{"LocalityName":"  ","Thoroughfare":{"ThoroughfareName":" ","Premise":{"PremiseNumber":"7","PostalCode":{"PostalCodeNumber":"634507"}}}}}}}}}},"description":"  ,   ,  ,  , ","name":" , 7","boundedBy":{"Envelope":{"lowerCorner":"85.028111 56.425815","upperCorner":"85.036321 56.430365"}},"Point":{"pos":"85.032216 56.42809"}}}]}}}

2018-05-10 10:36:01.612  INFO 8684 --- [pool-1-thread-1] r.s.y.yandexapi.YandexGeocoderClient     : Reading response
2018-05-10 10:36:01.731  INFO 8684 --- [pool-1-thread-1] r.s.y.yandexapi.YandexGeocoderClient     : Position 84.954952 56.480375
2018-05-10 10:37:01.732  INFO 8684 --- [pool-1-thread-1] ru.sovcombank.yandextest.YandexTask      : geoLock release
2018-05-10 10:37:01.732  INFO 8684 --- [pool-1-thread-1] ru.sovcombank.yandextest.YandexTask      : getCoordinates end
2018-05-10 10:41:00.005  INFO 8684 --- [pool-1-thread-1] ru.sovcombank.yandextest.YandexTask      : getCoordinates begin
2018-05-10 10:41:00.005  INFO 8684 --- [pool-1-thread-1] ru.sovcombank.yandextest.YandexTask      : geoLock success
2018-05-10 10:41:00.006  INFO 8684 --- [pool-1-thread-1] r.s.y.yandexapi.YandexGeocoderClient     : Request position for address %D0%B3%20%D0%A2%D0%BE%D0%BC%D1%81%D0%BA,%20%D1%83%D0%BB%20%D0%9A%D1%80%D1%8B%D0%BB%D0%BE%D0%B2%D0%B0,%20%D0%B4%D0%BE%D0%BC14,%20%D0%BA%D0%B2.1
2018-05-10 10:41:00.006 DEBUG 8684 --- [pool-1-thread-1] o.g.jersey.logging.LoggingFeature        : 2 * Sending client request on thread pool-1-thread-1
2 > GET https://geocode-maps.yandex.ru/1.x/?format=json&geocode=%D0%B3%20%D0%A2%D0%BE%D0%BC%D1%81%D0%BA,%20%D1%83%D0%BB%20%D0%9A%D1%80%D1%8B%D0%BB%D0%BE%D0%B2%D0%B0,%20%D0%B4%D0%BE%D0%BC14,%20%D0%BA%D0%B2.1
2 > Accept: application/json

2018-05-10 10:41:00.785 DEBUG 8684 --- [pool-1-thread-1] o.g.jersey.logging.LoggingFeature        : 2 * Client response received on thread pool-1-thread-1
2 < 200
2 < Access-Control-Allow-Origin: *
2 < Connection: keep-alive
2 < Content-Type: application/json; charset=utf-8
2 < Date: Thu, 10 May 2018 07:41:00 GMT
2 < Expires: Thu, 10 May 2018 07:46:00 GMT
2 < Server: nginx/1.8.1
2 < Strict-Transport-Security: max-age=31536000
2 < Transfer-Encoding: chunked
2 < Vary: Accept-Encoding
2 < X-Content-Type-Options: nosniff
2 < Yandex-DataVendors: yandex
{"response":{"GeoObjectCollection":{"metaDataProperty":{"GeocoderResponseMetaData":{"request":" ,  , 14, .1","suggest":" ,  ,  14, .1","found":"4","results":"10"}},"featureMember":[{"GeoObject":{"metaDataProperty":{"GeocoderMetaData":{"kind":"house","text":", ,  , 14","precision":"exact","Address":{"country_code":"RU","postal_code":"634050","formatted":",  , 14","Components":[{"kind":"country","name":""},{"kind":"province","name":"  "},{"kind":"province","name":" "},{"kind":"area","name":"  "},{"kind":"locality","name":""},{"kind":"street","name":" "},{"kind":"house","name":"14"}]},"AddressDetails":{"Country":{"AddressLine":",  , 14","CountryNameCode":"RU","CountryName":"","AdministrativeArea":{"AdministrativeAreaName":" ","SubAdministrativeArea":{"SubAdministrativeAreaName":"  ","Locality":{"LocalityName":"","Thoroughfare":{"ThoroughfareName":" ","Premise":{"PremiseNumber":"14","PostalCode":{"PostalCodeNumber":"634050"}}}}}}}}}},"description":", ","name":" , 14","boundedBy":{"Envelope":{"lowerCorner":"84.950847 56.478104","upperCorner":"84.959057 56.482647"}},"Point":{"pos":"84.954952 56.480375"}}},{"GeoObject":{"metaDataProperty":{"GeocoderMetaData":{"kind":"house","text":",   ,  ,  , 14","precision":"exact","Address":{"country_code":"RU","formatted":"  ,  ,  , 14","Components":[{"kind":"country","name":""},{"kind":"province","name":"  "},{"kind":"province","name":" "},{"kind":"area","name":"  "},{"kind":"locality","name":" "},{"kind":"street","name":" "},{"kind":"house","name":"14"}]},"AddressDetails":{"Country":{"AddressLine":"  ,  ,  , 14","CountryNameCode":"RU","CountryName":"","AdministrativeArea":{"AdministrativeAreaName":" ","SubAdministrativeArea":{"SubAdministrativeAreaName":"  ","Locality":{"LocalityName":" ","Thoroughfare":{"ThoroughfareName":" ","Premise":{"PremiseNumber":"14"}}}}}}}}},"description":" ,   , ","name":" , 14","boundedBy":{"Envelope":{"lowerCorner":"84.880796 56.469095","upperCorner":"84.889007 56.473639"}},"Point":{"pos":"84.884901 56.471367"}}},{"GeoObject":{"metaDataProperty":{"GeocoderMetaData":{"kind":"house","text":",   ,  ,  , 12","precision":"near","Address":{"country_code":"RU","formatted":"  ,  ,  , 12","Components":[{"kind":"country","name":""},{"kind":"province","name":"  "},{"kind":"province","name":" "},{"kind":"area","name":"  "},{"kind":"locality","name":" "},{"kind":"street","name":" "},{"kind":"house","name":"12"}]},"AddressDetails":{"Country":{"AddressLine":"  ,  ,  , 12","CountryNameCode":"RU","CountryName":"","AdministrativeArea":{"AdministrativeAreaName":" ","SubAdministrativeArea":{"SubAdministrativeAreaName":"  ","Locality":{"LocalityName":" ","Thoroughfare":{"ThoroughfareName":" ","Premise":{"PremiseNumber":"12"}}}}}}}}},"description":" ,   , ","name":" , 12","boundedBy":{"Envelope":{"lowerCorner":"84.879664 56.470442","upperCorner":"84.887875 56.474987"}},"Point":{"pos":"84.88377 56.472715"}}},{"GeoObject":{"metaDataProperty":{"GeocoderMetaData":{"kind":"house","text":",  ,  ,   ,   ,  , 7","precision":"near","Address":{"country_code":"RU","postal_code":"634507","formatted":" ,  ,   ,   ,  , 7","Components":[{"kind":"country","name":""},{"kind":"province","name":"  "},{"kind":"province","name":" "},{"kind":"area","name":" "},{"kind":"area","name":"  "},{"kind":"locality","name":"  "},{"kind":"street","name":" "},{"kind":"house","name":"7"}]},"AddressDetails":{"Country":{"AddressLine":" ,  ,   ,   ,  , 7","CountryNameCode":"RU","CountryName":"","AdministrativeArea":{"AdministrativeAreaName":" ","SubAdministrativeArea":{"SubAdministrativeAreaName":" ","Locality":{"LocalityName":"  ","Thoroughfare":{"ThoroughfareName":" ","Premise":{"PremiseNumber":"7","PostalCode":{"PostalCodeNumber":"634507"}}}}}}}}}},"description":"  ,   ,  ,  , ","name":" , 7","boundedBy":{"Envelope":{"lowerCorner":"85.028111 56.425815","upperCorner":"85.036321 56.430365"}},"Point":{"pos":"85.032216 56.42809"}}}]}}}

2018-05-10 10:41:00.788  INFO 8684 --- [pool-1-thread-1] r.s.y.yandexapi.YandexGeocoderClient     : Reading response
2018-05-10 10:41:00.791  INFO 8684 --- [pool-1-thread-1] r.s.y.yandexapi.YandexGeocoderClient     : Position 84.954952 56.480375
2018-05-10 10:42:00.791  INFO 8684 --- [pool-1-thread-1] ru.sovcombank.yandextest.YandexTask      : geoLock release
2018-05-10 10:42:00.791  INFO 8684 --- [pool-1-thread-1] ru.sovcombank.yandextest.YandexTask      : getCoordinates end
